<?xml version="1.0" encoding="UTF-8"?>
<coverage generated="1779622331494" clover="3.2.0">
  <project timestamp="1779622331495" name="All files">
    <metrics statements="352" coveredstatements="276" conditionals="242" coveredconditionals="148" methods="68" coveredmethods="48" elements="662" coveredelements="472" complexity="0" loc="352" ncloc="352" packages="2" files="5" classes="5"/>
    <package name="server">
      <metrics statements="327" coveredstatements="252" conditionals="242" coveredconditionals="148" methods="65" coveredmethods="46"/>
      <file name="backup.js" path="/home/jose/Universidade/3Ano/2Sem/LI4/TP/LI4-TP-2526/FlashStore/server/backup.js">
        <metrics statements="44" coveredstatements="37" conditionals="8" coveredconditionals="7" methods="16" coveredmethods="14"/>
        <line num="11" count="1" type="stmt"/>
        <line num="12" count="1" type="stmt"/>
        <line num="14" count="1" type="stmt"/>
        <line num="15" count="1" type="stmt"/>
        <line num="18" count="60" type="cond" truecount="2" falsecount="0"/>
        <line num="19" count="2" type="stmt"/>
        <line num="24" count="50" type="stmt"/>
        <line num="25" count="50" type="stmt"/>
        <line num="26" count="50" type="stmt"/>
        <line num="30" count="50" type="stmt"/>
        <line num="31" count="50" type="stmt"/>
        <line num="32" count="50" type="stmt"/>
        <line num="33" count="50" type="stmt"/>
        <line num="34" count="50" type="stmt"/>
        <line num="35" count="50" type="stmt"/>
        <line num="39" count="50" type="stmt"/>
        <line num="40" count="50" type="stmt"/>
        <line num="41" count="55" type="cond" truecount="2" falsecount="0"/>
        <line num="42" count="55" type="stmt"/>
        <line num="43" count="8" type="stmt"/>
        <line num="45" count="50" type="stmt"/>
        <line num="46" count="0" type="stmt"/>
        <line num="47" count="0" type="stmt"/>
        <line num="50" count="0" type="stmt"/>
        <line num="55" count="10" type="stmt"/>
        <line num="56" count="10" type="stmt"/>
        <line num="57" count="12" type="cond" truecount="2" falsecount="0"/>
        <line num="59" count="12" type="stmt"/>
        <line num="60" count="12" type="stmt"/>
        <line num="62" count="9" type="stmt"/>
        <line num="71" count="1" type="stmt"/>
        <line num="72" count="1" type="stmt"/>
        <line num="73" count="1" type="stmt"/>
        <line num="74" count="1" type="cond" truecount="1" falsecount="1"/>
        <line num="75" count="1" type="stmt"/>
        <line num="79" count="1" type="stmt"/>
        <line num="80" count="1" type="stmt"/>
        <line num="81" count="1" type="stmt"/>
        <line num="82" count="0" type="stmt"/>
        <line num="83" count="0" type="stmt"/>
        <line num="85" count="0" type="stmt"/>
        <line num="87" count="0" type="stmt"/>
        <line num="91" count="1" type="stmt"/>
        <line num="94" count="1" type="stmt"/>
      </file>
      <file name="saft.js" path="/home/jose/Universidade/3Ano/2Sem/LI4/TP/LI4-TP-2526/FlashStore/server/saft.js">
        <metrics statements="76" coveredstatements="65" conditionals="86" coveredconditionals="38" methods="16" coveredmethods="14"/>
        <line num="10" count="1" type="stmt"/>
        <line num="13" count="24" type="cond" truecount="1" falsecount="1"/>
        <line num="22" count="3" type="cond" truecount="1" falsecount="1"/>
        <line num="26" count="1" type="cond" truecount="1" falsecount="1"/>
        <line num="27" count="1" type="cond" truecount="1" falsecount="1"/>
        <line num="28" count="1" type="stmt"/>
        <line num="32" count="165" type="cond" truecount="1" falsecount="1"/>
        <line num="33" count="165" type="cond" truecount="1" falsecount="1"/>
        <line num="34" count="1" type="cond" truecount="1" falsecount="1"/>
        <line num="35" count="0" type="stmt"/>
        <line num="43" count="1" type="stmt"/>
        <line num="44" count="1" type="stmt"/>
        <line num="48" count="119" type="stmt"/>
        <line num="49" count="119" type="stmt"/>
        <line num="50" count="119" type="stmt"/>
        <line num="51" count="119" type="stmt"/>
        <line num="52" count="23" type="stmt"/>
        <line num="53" count="23" type="stmt"/>
        <line num="56" count="23" type="stmt"/>
        <line num="63" count="23" type="stmt"/>
        <line num="66" count="23" type="stmt"/>
        <line num="67" count="23" type="stmt"/>
        <line num="68" count="1" type="stmt"/>
        <line num="69" count="1" type="stmt"/>
        <line num="70" count="1" type="stmt"/>
        <line num="73" count="23" type="cond" truecount="1" falsecount="1"/>
        <line num="74" count="1" type="stmt"/>
        <line num="78" count="23" type="stmt"/>
        <line num="79" count="23" type="cond" truecount="2" falsecount="2"/>
        <line num="80" count="15" type="stmt"/>
        <line num="83" count="23" type="stmt"/>
        <line num="89" count="23" type="stmt"/>
        <line num="92" count="23" type="cond" truecount="1" falsecount="1"/>
        <line num="93" count="23" type="cond" truecount="1" falsecount="1"/>
        <line num="94" count="23" type="cond" truecount="1" falsecount="1"/>
        <line num="95" count="23" type="cond" truecount="1" falsecount="1"/>
        <line num="96" count="23" type="cond" truecount="1" falsecount="1"/>
        <line num="97" count="23" type="cond" truecount="1" falsecount="1"/>
        <line num="100" count="23" type="stmt"/>
        <line num="116" count="25" type="stmt"/>
        <line num="127" count="1" type="stmt"/>
        <line num="151" count="23" type="stmt"/>
        <line num="152" count="23" type="stmt"/>
        <line num="153" count="23" type="stmt"/>
        <line num="155" count="23" type="stmt"/>
        <line num="156" count="1" type="stmt"/>
        <line num="157" count="1" type="stmt"/>
        <line num="158" count="1" type="cond" truecount="1" falsecount="1"/>
        <line num="159" count="1" type="cond" truecount="1" falsecount="1"/>
        <line num="160" count="119" type="cond" truecount="1" falsecount="1"/>
        <line num="161" count="119" type="cond" truecount="1" falsecount="1"/>
        <line num="163" count="119" type="stmt"/>
        <line num="164" count="119" type="stmt"/>
        <line num="165" count="119" type="stmt"/>
        <line num="167" count="119" type="stmt"/>
        <line num="168" count="1" type="cond" truecount="1" falsecount="1"/>
        <line num="169" count="1" type="cond" truecount="1" falsecount="1"/>
        <line num="170" count="1" type="cond" truecount="1" falsecount="1"/>
        <line num="171" count="1" type="cond" truecount="1" falsecount="1"/>
        <line num="172" count="118" type="stmt"/>
        <line num="173" count="118" type="stmt"/>
        <line num="197" count="118" type="cond" truecount="2" falsecount="2"/>
        <line num="198" count="118" type="cond" truecount="2" falsecount="2"/>
        <line num="200" count="119" type="stmt"/>
        <line num="241" count="119" type="stmt"/>
        <line num="242" count="0" type="stmt"/>
        <line num="243" count="0" type="stmt"/>
        <line num="244" count="0" type="stmt"/>
        <line num="245" count="0" type="stmt"/>
        <line num="246" count="0" type="cond" truecount="0" falsecount="2"/>
        <line num="247" count="0" type="stmt"/>
        <line num="249" count="0" type="stmt"/>
        <line num="275" count="0" type="stmt"/>
        <line num="307" count="0" type="stmt"/>
        <line num="309" count="0" type="stmt"/>
        <line num="357" count="23" type="stmt"/>
      </file>
      <file name="scheduler.js" path="/home/jose/Universidade/3Ano/2Sem/LI4/TP/LI4-TP-2526/FlashStore/server/scheduler.js">
        <metrics statements="72" coveredstatements="32" conditionals="20" coveredconditionals="5" methods="22" coveredmethods="7"/>
        <line num="12" count="1" type="stmt"/>
        <line num="13" count="1" type="stmt"/>
        <line num="15" count="1" type="stmt"/>
        <line num="18" count="5" type="cond" truecount="1" falsecount="1"/>
        <line num="23" count="0" type="stmt"/>
        <line num="24" count="0" type="stmt"/>
        <line num="25" count="0" type="stmt"/>
        <line num="26" count="0" type="cond" truecount="0" falsecount="2"/>
        <line num="27" count="0" type="stmt"/>
        <line num="33" count="0" type="stmt"/>
        <line num="34" count="0" type="stmt"/>
        <line num="35" count="0" type="stmt"/>
        <line num="36" count="0" type="stmt"/>
        <line num="37" count="0" type="stmt"/>
        <line num="38" count="0" type="stmt"/>
        <line num="41" count="0" type="stmt"/>
        <line num="47" count="0" type="stmt"/>
        <line num="48" count="0" type="cond" truecount="0" falsecount="2"/>
        <line num="49" count="0" type="stmt"/>
        <line num="50" count="0" type="stmt"/>
        <line num="53" count="0" type="stmt"/>
        <line num="57" count="5" type="stmt"/>
        <line num="58" count="5" type="stmt"/>
        <line num="59" count="5" type="stmt"/>
        <line num="60" count="5" type="stmt"/>
        <line num="61" count="5" type="stmt"/>
        <line num="63" count="5" type="stmt"/>
        <line num="64" count="5" type="stmt"/>
        <line num="65" count="2" type="stmt"/>
        <line num="66" count="2" type="stmt"/>
        <line num="67" count="2" type="cond" truecount="2" falsecount="0"/>
        <line num="68" count="1" type="stmt"/>
        <line num="69" count="1" type="stmt"/>
        <line num="70" count="1" type="stmt"/>
        <line num="71" count="1" type="stmt"/>
        <line num="73" count="0" type="stmt"/>
        <line num="77" count="1" type="stmt"/>
        <line num="82" count="13" type="stmt"/>
        <line num="83" count="13" type="stmt"/>
        <line num="85" count="13" type="stmt"/>
        <line num="97" count="13" type="stmt"/>
        <line num="98" count="107" type="stmt"/>
        <line num="99" count="107" type="stmt"/>
        <line num="111" count="13" type="cond" truecount="2" falsecount="0"/>
        <line num="112" count="7" type="stmt"/>
        <line num="118" count="0" type="stmt"/>
        <line num="119" count="0" type="stmt"/>
        <line num="121" count="0" type="stmt"/>
        <line num="122" count="0" type="stmt"/>
        <line num="133" count="0" type="stmt"/>
        <line num="146" count="0" type="stmt"/>
        <line num="151" count="0" type="stmt"/>
        <line num="152" count="0" type="stmt"/>
        <line num="154" count="0" type="stmt"/>
        <line num="155" count="0" type="stmt"/>
        <line num="159" count="0" type="cond" truecount="0" falsecount="2"/>
        <line num="160" count="0" type="stmt"/>
        <line num="161" count="0" type="stmt"/>
        <line num="172" count="0" type="stmt"/>
        <line num="207" count="0" type="stmt"/>
        <line num="208" count="0" type="stmt"/>
        <line num="211" count="0" type="stmt"/>
        <line num="212" count="0" type="stmt"/>
        <line num="215" count="0" type="stmt"/>
        <line num="216" count="0" type="stmt"/>
        <line num="217" count="0" type="stmt"/>
        <line num="219" count="0" type="stmt"/>
        <line num="223" count="11" type="stmt"/>
        <line num="224" count="11" type="stmt"/>
        <line num="234" count="11" type="stmt"/>
        <line num="235" count="108" type="stmt"/>
        <line num="246" count="1" type="stmt"/>
      </file>
      <file name="syncPush.js" path="/home/jose/Universidade/3Ano/2Sem/LI4/TP/LI4-TP-2526/FlashStore/server/syncPush.js">
        <metrics statements="135" coveredstatements="118" conditionals="128" coveredconditionals="98" methods="11" coveredmethods="11"/>
        <line num="6" count="80" type="cond" truecount="1" falsecount="1"/>
        <line num="7" count="0" type="stmt"/>
        <line num="8" count="0" type="stmt"/>
        <line num="9" count="0" type="stmt"/>
        <line num="11" count="80" type="cond" truecount="4" falsecount="0"/>
        <line num="12" count="1" type="stmt"/>
        <line num="13" count="1" type="stmt"/>
        <line num="14" count="1" type="stmt"/>
        <line num="19" count="5" type="cond" truecount="1" falsecount="1"/>
        <line num="20" count="0" type="stmt"/>
        <line num="21" count="0" type="cond" truecount="0" falsecount="2"/>
        <line num="25" count="10" type="stmt"/>
        <line num="26" count="10" type="cond" truecount="1" falsecount="1"/>
        <line num="28" count="0" type="cond" truecount="0" falsecount="2"/>
        <line num="29" count="0" type="stmt"/>
        <line num="32" count="0" type="cond" truecount="0" falsecount="2"/>
        <line num="35" count="0" type="stmt"/>
        <line num="39" count="10" type="stmt"/>
        <line num="40" count="10" type="stmt"/>
        <line num="44" count="5" type="stmt"/>
        <line num="45" count="5" type="stmt"/>
        <line num="46" count="5" type="cond" truecount="2" falsecount="0"/>
        <line num="48" count="5" type="cond" truecount="1" falsecount="1"/>
        <line num="49" count="0" type="stmt"/>
        <line num="50" count="0" type="stmt"/>
        <line num="61" count="5" type="stmt"/>
        <line num="62" count="5" type="stmt"/>
        <line num="70" count="1" type="cond" truecount="1" falsecount="1"/>
        <line num="71" count="1" type="stmt"/>
        <line num="80" count="1" type="cond" truecount="2" falsecount="2"/>
        <line num="81" count="0" type="stmt"/>
        <line num="89" count="1" type="stmt"/>
        <line num="94" count="54" type="stmt"/>
        <line num="95" count="54" type="stmt"/>
        <line num="97" count="54" type="cond" truecount="1" falsecount="1"/>
        <line num="99" count="54" type="cond" truecount="1" falsecount="1"/>
        <line num="100" count="54" type="stmt"/>
        <line num="101" count="54" type="cond" truecount="1" falsecount="1"/>
        <line num="103" count="54" type="cond" truecount="2" falsecount="0"/>
        <line num="104" count="54" type="cond" truecount="1" falsecount="1"/>
        <line num="106" count="54" type="cond" truecount="2" falsecount="0"/>
        <line num="109" count="54" type="cond" truecount="3" falsecount="0"/>
        <line num="111" count="54" type="stmt"/>
        <line num="122" count="54" type="stmt"/>
        <line num="123" count="54" type="stmt"/>
        <line num="127" count="3" type="stmt"/>
        <line num="128" count="3" type="stmt"/>
        <line num="130" count="3" type="cond" truecount="1" falsecount="1"/>
        <line num="132" count="3" type="stmt"/>
        <line num="133" count="3" type="cond" truecount="2" falsecount="0"/>
        <line num="134" count="1" type="stmt"/>
        <line num="135" count="1" type="stmt"/>
        <line num="136" count="1" type="stmt"/>
        <line num="138" count="2" type="cond" truecount="1" falsecount="1"/>
        <line num="140" count="2" type="cond" truecount="2" falsecount="0"/>
        <line num="141" count="3" type="stmt"/>
        <line num="147" count="3" type="stmt"/>
        <line num="148" count="3" type="stmt"/>
        <line num="158" count="7" type="stmt"/>
        <line num="160" count="7" type="stmt"/>
        <line num="161" count="7" type="cond" truecount="1" falsecount="1"/>
        <line num="162" count="0" type="stmt"/>
        <line num="163" count="0" type="stmt"/>
        <line num="164" count="0" type="stmt"/>
        <line num="167" count="7" type="stmt"/>
        <line num="168" count="7" type="cond" truecount="2" falsecount="0"/>
        <line num="169" count="1" type="stmt"/>
        <line num="188" count="6" type="stmt"/>
        <line num="190" count="6" type="cond" truecount="6" falsecount="0"/>
        <line num="191" count="1" type="stmt"/>
        <line num="192" count="1" type="stmt"/>
        <line num="193" count="1" type="stmt"/>
        <line num="196" count="5" type="stmt"/>
        <line num="198" count="5" type="cond" truecount="2" falsecount="0"/>
        <line num="199" count="7" type="stmt"/>
        <line num="201" count="7" type="cond" truecount="2" falsecount="0"/>
        <line num="202" count="7" type="cond" truecount="2" falsecount="0"/>
        <line num="203" count="7" type="cond" truecount="2" falsecount="0"/>
        <line num="204" count="7" type="stmt"/>
        <line num="206" count="7" type="stmt"/>
        <line num="207" count="5" type="stmt"/>
        <line num="234" count="5" type="stmt"/>
        <line num="238" count="5" type="stmt"/>
        <line num="240" count="5" type="stmt"/>
        <line num="241" count="5" type="stmt"/>
        <line num="242" count="5" type="stmt"/>
        <line num="244" count="5" type="stmt"/>
        <line num="245" count="4" type="cond" truecount="1" falsecount="1"/>
        <line num="246" count="4" type="stmt"/>
        <line num="257" count="4" type="stmt"/>
        <line num="271" count="4" type="stmt"/>
        <line num="274" count="4" type="stmt"/>
        <line num="278" count="4" type="stmt"/>
        <line num="279" count="4" type="stmt"/>
        <line num="280" count="4" type="stmt"/>
        <line num="282" count="4" type="stmt"/>
        <line num="285" count="7" type="stmt"/>
        <line num="299" count="7" type="stmt"/>
        <line num="303" count="19" type="stmt"/>
        <line num="304" count="19" type="cond" truecount="4" falsecount="0"/>
        <line num="305" count="1" type="stmt"/>
        <line num="306" count="1" type="stmt"/>
        <line num="307" count="1" type="stmt"/>
        <line num="310" count="18" type="stmt"/>
        <line num="312" count="18" type="stmt"/>
        <line num="313" count="18" type="stmt"/>
        <line num="314" count="18" type="stmt"/>
        <line num="316" count="18" type="stmt"/>
        <line num="317" count="67" type="cond" truecount="1" falsecount="1"/>
        <line num="318" count="67" type="stmt"/>
        <line num="319" count="67" type="cond" truecount="1" falsecount="1"/>
        <line num="321" count="67" type="stmt"/>
        <line num="322" count="67" type="cond" truecount="2" falsecount="0"/>
        <line num="324" count="67" type="cond" truecount="2" falsecount="0"/>
        <line num="325" count="8" type="cond" truecount="2" falsecount="0"/>
        <line num="326" count="8" type="cond" truecount="1" falsecount="1"/>
        <line num="327" count="0" type="stmt"/>
        <line num="328" count="0" type="stmt"/>
        <line num="330" count="8" type="cond" truecount="2" falsecount="0"/>
        <line num="331" count="1" type="stmt"/>
        <line num="332" count="1" type="stmt"/>
        <line num="334" count="7" type="stmt"/>
        <line num="335" count="7" type="stmt"/>
        <line num="337" count="58" type="cond" truecount="2" falsecount="0"/>
        <line num="338" count="54" type="stmt"/>
        <line num="339" count="54" type="stmt"/>
        <line num="341" count="4" type="cond" truecount="2" falsecount="0"/>
        <line num="342" count="3" type="stmt"/>
        <line num="343" count="3" type="stmt"/>
        <line num="346" count="1" type="stmt"/>
        <line num="349" count="4" type="stmt"/>
        <line num="358" count="67" type="stmt"/>
        <line num="359" count="67" type="stmt"/>
        <line num="361" count="17" type="stmt"/>
        <line num="371" count="1" type="stmt"/>
      </file>
    </package>
    <package name="server.tests">
      <metrics statements="25" coveredstatements="24" conditionals="0" coveredconditionals="0" methods="3" coveredmethods="2"/>
      <file name="helpers.js" path="/home/jose/Universidade/3Ano/2Sem/LI4/TP/LI4-TP-2526/FlashStore/server/tests/helpers.js">
        <metrics statements="25" coveredstatements="24" conditionals="0" coveredconditionals="0" methods="3" coveredmethods="2"/>
        <line num="4" count="2" type="stmt"/>
        <line num="5" count="2" type="stmt"/>
        <line num="6" count="2" type="stmt"/>
        <line num="7" count="2" type="stmt"/>
        <line num="9" count="2" type="stmt"/>
        <line num="12" count="0" type="stmt"/>
        <line num="16" count="2" type="stmt"/>
        <line num="17" count="2" type="stmt"/>
        <line num="18" count="2" type="stmt"/>
        <line num="21" count="2" type="stmt"/>
        <line num="276" count="2" type="stmt"/>
        <line num="277" count="2" type="stmt"/>
        <line num="279" count="2" type="stmt"/>
        <line num="280" count="2" type="stmt"/>
        <line num="281" count="2" type="stmt"/>
        <line num="283" count="2" type="stmt"/>
        <line num="284" count="2" type="stmt"/>
        <line num="285" count="2" type="stmt"/>
        <line num="287" count="2" type="stmt"/>
        <line num="288" count="2" type="stmt"/>
        <line num="289" count="2" type="stmt"/>
        <line num="290" count="2" type="stmt"/>
        <line num="292" count="2" type="stmt"/>
        <line num="296" count="6" type="stmt"/>
        <line num="299" count="2" type="stmt"/>
      </file>
    </package>
  </project>
</coverage>
