{"/home/jose/Universidade/3Ano/2Sem/LI4/TP/LI4-TP-2526/FlashStore/server/backup.js": {"path":"/home/jose/Universidade/3Ano/2Sem/LI4/TP/LI4-TP-2526/FlashStore/server/backup.js","statementMap":{"0":{"start":{"line":11,"column":13},"end":{"line":11,"column":28}},"1":{"start":{"line":12,"column":11},"end":{"line":12,"column":24}},"2":{"start":{"line":14,"column":19},"end":{"line":14,"column":50}},"3":{"start":{"line":15,"column":20},"end":{"line":15,"column":22}},"4":{"start":{"line":18,"column":2},"end":{"line":20,"column":null}},"5":{"start":{"line":19,"column":4},"end":{"line":19,"column":null}},"6":{"start":{"line":24,"column":14},"end":{"line":24,"column":24}},"7":{"start":{"line":25,"column":13},"end":{"line":25,"column":65}},"8":{"start":{"line":26,"column":2},"end":{"line":26,"column":null}},"9":{"start":{"line":30,"column":2},"end":{"line":30,"column":null}},"10":{"start":{"line":31,"column":15},"end":{"line":31,"column":31}},"11":{"start":{"line":32,"column":2},"end":{"line":32,"column":null}},"12":{"start":{"line":33,"column":2},"end":{"line":33,"column":null}},"13":{"start":{"line":34,"column":2},"end":{"line":34,"column":null}},"14":{"start":{"line":35,"column":2},"end":{"line":35,"column":null}},"15":{"start":{"line":39,"column":2},"end":{"line":51,"column":null}},"16":{"start":{"line":40,"column":18},"end":{"line":43,"column":40}},"17":{"start":{"line":41,"column":21},"end":{"line":41,"column":69}},"18":{"start":{"line":42,"column":19},"end":{"line":42,"column":84}},"19":{"start":{"line":43,"column":22},"end":{"line":43,"column":39}},"20":{"start":{"line":45,"column":4},"end":{"line":48,"column":null}},"21":{"start":{"line":46,"column":6},"end":{"line":46,"column":null}},"22":{"start":{"line":47,"column":6},"end":{"line":47,"column":null}},"23":{"start":{"line":50,"column":4},"end":{"line":50,"column":null}},"24":{"start":{"line":55,"column":2},"end":{"line":55,"column":null}},"25":{"start":{"line":56,"column":2},"end":{"line":62,"column":null}},"26":{"start":{"line":57,"column":19},"end":{"line":57,"column":67}},"27":{"start":{"line":59,"column":19},"end":{"line":59,"column":56}},"28":{"start":{"line":60,"column":6},"end":{"line":60,"column":null}},"29":{"start":{"line":62,"column":20},"end":{"line":62,"column":60}},"30":{"start":{"line":71,"column":16},"end":{"line":71,"column":26}},"31":{"start":{"line":72,"column":17},"end":{"line":72,"column":30}},"32":{"start":{"line":73,"column":4},"end":{"line":73,"column":null}},"33":{"start":{"line":74,"column":4},"end":{"line":74,"column":null}},"34":{"start":{"line":74,"column":21},"end":{"line":74,"column":null}},"35":{"start":{"line":75,"column":4},"end":{"line":75,"column":null}},"36":{"start":{"line":79,"column":18},"end":{"line":79,"column":30}},"37":{"start":{"line":80,"column":4},"end":{"line":80,"column":null}},"38":{"start":{"line":81,"column":4},"end":{"line":88,"column":null}},"39":{"start":{"line":82,"column":6},"end":{"line":86,"column":null}},"40":{"start":{"line":83,"column":8},"end":{"line":83,"column":null}},"41":{"start":{"line":85,"column":8},"end":{"line":85,"column":null}},"42":{"start":{"line":87,"column":6},"end":{"line":87,"column":null}},"43":{"start":{"line":91,"column":2},"end":{"line":91,"column":null}},"44":{"start":{"line":94,"column":0},"end":{"line":94,"column":null}}},"fnMap":{"0":{"name":"ensureBackupDir","decl":{"start":{"line":17,"column":9},"end":{"line":17,"column":24}},"loc":{"start":{"line":17,"column":27},"end":{"line":21,"column":null}},"line":17},"1":{"name":"backupFilename","decl":{"start":{"line":23,"column":9},"end":{"line":23,"column":23}},"loc":{"start":{"line":23,"column":26},"end":{"line":27,"column":null}},"line":23},"2":{"name":"runBackup","decl":{"start":{"line":29,"column":15},"end":{"line":29,"column":24}},"loc":{"start":{"line":29,"column":29},"end":{"line":36,"column":null}},"line":29},"3":{"name":"pruneOldBackups","decl":{"start":{"line":38,"column":9},"end":{"line":38,"column":24}},"loc":{"start":{"line":38,"column":27},"end":{"line":52,"column":null}},"line":38},"4":{"name":"(anonymous_4)","decl":{"start":{"line":41,"column":14},"end":{"line":41,"column":15}},"loc":{"start":{"line":41,"column":21},"end":{"line":41,"column":69}},"line":41},"5":{"name":"(anonymous_5)","decl":{"start":{"line":42,"column":11},"end":{"line":42,"column":12}},"loc":{"start":{"line":42,"column":19},"end":{"line":42,"column":84}},"line":42},"6":{"name":"(anonymous_6)","decl":{"start":{"line":43,"column":12},"end":{"line":43,"column":13}},"loc":{"start":{"line":43,"column":22},"end":{"line":43,"column":39}},"line":43},"7":{"name":"(anonymous_7)","decl":{"start":{"line":45,"column":37},"end":{"line":45,"column":38}},"loc":{"start":{"line":45,"column":51},"end":{"line":48,"column":5}},"line":45},"8":{"name":"listBackups","decl":{"start":{"line":54,"column":9},"end":{"line":54,"column":20}},"loc":{"start":{"line":54,"column":23},"end":{"line":63,"column":null}},"line":54},"9":{"name":"(anonymous_9)","decl":{"start":{"line":57,"column":12},"end":{"line":57,"column":13}},"loc":{"start":{"line":57,"column":19},"end":{"line":57,"column":67}},"line":57},"10":{"name":"(anonymous_10)","decl":{"start":{"line":58,"column":9},"end":{"line":58,"column":10}},"loc":{"start":{"line":58,"column":16},"end":{"line":61,"column":5}},"line":58},"11":{"name":"(anonymous_11)","decl":{"start":{"line":62,"column":10},"end":{"line":62,"column":11}},"loc":{"start":{"line":62,"column":20},"end":{"line":62,"column":60}},"line":62},"12":{"name":"scheduleDailyBackup","decl":{"start":{"line":69,"column":9},"end":{"line":69,"column":28}},"loc":{"start":{"line":69,"column":33},"end":{"line":92,"column":null}},"line":69},"13":{"name":"msUntil2am","decl":{"start":{"line":70,"column":11},"end":{"line":70,"column":21}},"loc":{"start":{"line":70,"column":24},"end":{"line":76,"column":null}},"line":70},"14":{"name":"scheduleNext","decl":{"start":{"line":78,"column":11},"end":{"line":78,"column":23}},"loc":{"start":{"line":78,"column":26},"end":{"line":89,"column":null}},"line":78},"15":{"name":"(anonymous_15)","decl":{"start":{"line":81,"column":15},"end":{"line":81,"column":20}},"loc":{"start":{"line":81,"column":27},"end":{"line":88,"column":5}},"line":81}},"branchMap":{"0":{"loc":{"start":{"line":18,"column":2},"end":{"line":20,"column":null}},"type":"if","locations":[{"start":{"line":18,"column":2},"end":{"line":20,"column":null}},{"start":{},"end":{}}],"line":18},"1":{"loc":{"start":{"line":41,"column":21},"end":{"line":41,"column":69}},"type":"binary-expr","locations":[{"start":{"line":41,"column":21},"end":{"line":41,"column":48}},{"start":{"line":41,"column":52},"end":{"line":41,"column":69}}],"line":41},"2":{"loc":{"start":{"line":57,"column":19},"end":{"line":57,"column":67}},"type":"binary-expr","locations":[{"start":{"line":57,"column":19},"end":{"line":57,"column":46}},{"start":{"line":57,"column":50},"end":{"line":57,"column":67}}],"line":57},"3":{"loc":{"start":{"line":74,"column":4},"end":{"line":74,"column":null}},"type":"if","locations":[{"start":{"line":74,"column":4},"end":{"line":74,"column":null}},{"start":{},"end":{}}],"line":74}},"s":{"0":1,"1":1,"2":1,"3":1,"4":60,"5":2,"6":50,"7":50,"8":50,"9":50,"10":50,"11":50,"12":50,"13":50,"14":50,"15":50,"16":50,"17":55,"18":55,"19":8,"20":50,"21":0,"22":0,"23":0,"24":10,"25":10,"26":12,"27":12,"28":12,"29":9,"30":1,"31":1,"32":1,"33":1,"34":1,"35":1,"36":1,"37":1,"38":1,"39":0,"40":0,"41":0,"42":0,"43":1,"44":1},"f":{"0":60,"1":50,"2":50,"3":50,"4":55,"5":55,"6":8,"7":0,"8":10,"9":12,"10":12,"11":9,"12":1,"13":1,"14":1,"15":0},"b":{"0":[2,58],"1":[55,55],"2":[12,12],"3":[1,0]},"meta":{"lastBranch":4,"lastFunction":16,"lastStatement":45,"seen":{"s:11:13:11:28":0,"s:12:11:12:24":1,"s:14:19:14:50":2,"s:15:20:15:22":3,"f:17:9:17:24":0,"b:18:2:20:Infinity:undefined:undefined:undefined:undefined":0,"s:18:2:20:Infinity":4,"s:19:4:19:Infinity":5,"f:23:9:23:23":1,"s:24:14:24:24":6,"s:25:13:25:65":7,"s:26:2:26:Infinity":8,"f:29:15:29:24":2,"s:30:2:30:Infinity":9,"s:31:15:31:31":10,"s:32:2:32:Infinity":11,"s:33:2:33:Infinity":12,"s:34:2:34:Infinity":13,"s:35:2:35:Infinity":14,"f:38:9:38:24":3,"s:39:2:51:Infinity":15,"s:40:18:43:40":16,"f:41:14:41:15":4,"s:41:21:41:69":17,"b:41:21:41:48:41:52:41:69":1,"f:42:11:42:12":5,"s:42:19:42:84":18,"f:43:12:43:13":6,"s:43:22:43:39":19,"s:45:4:48:Infinity":20,"f:45:37:45:38":7,"s:46:6:46:Infinity":21,"s:47:6:47:Infinity":22,"s:50:4:50:Infinity":23,"f:54:9:54:20":8,"s:55:2:55:Infinity":24,"s:56:2:62:Infinity":25,"f:57:12:57:13":9,"s:57:19:57:67":26,"b:57:19:57:46:57:50:57:67":2,"f:58:9:58:10":10,"s:59:19:59:56":27,"s:60:6:60:Infinity":28,"f:62:10:62:11":11,"s:62:20:62:60":29,"f:69:9:69:28":12,"f:70:11:70:21":13,"s:71:16:71:26":30,"s:72:17:72:30":31,"s:73:4:73:Infinity":32,"b:74:4:74:Infinity:undefined:undefined:undefined:undefined":3,"s:74:4:74:Infinity":33,"s:74:21:74:Infinity":34,"s:75:4:75:Infinity":35,"f:78:11:78:23":14,"s:79:18:79:30":36,"s:80:4:80:Infinity":37,"s:81:4:88:Infinity":38,"f:81:15:81:20":15,"s:82:6:86:Infinity":39,"s:83:8:83:Infinity":40,"s:85:8:85:Infinity":41,"s:87:6:87:Infinity":42,"s:91:2:91:Infinity":43,"s:94:0:94:Infinity":44}}}
,"/home/jose/Universidade/3Ano/2Sem/LI4/TP/LI4-TP-2526/FlashStore/server/saft.js": {"path":"/home/jose/Universidade/3Ano/2Sem/LI4/TP/LI4-TP-2526/FlashStore/server/saft.js","statementMap":{"0":{"start":{"line":10,"column":15},"end":{"line":10,"column":32}},"1":{"start":{"line":13,"column":2},"end":{"line":18,"column":null}},"2":{"start":{"line":22,"column":2},"end":{"line":22,"column":null}},"3":{"start":{"line":26,"column":12},"end":{"line":26,"column":29}},"4":{"start":{"line":27,"column":2},"end":{"line":27,"column":null}},"5":{"start":{"line":27,"column":23},"end":{"line":27,"column":null}},"6":{"start":{"line":28,"column":2},"end":{"line":28,"column":null}},"7":{"start":{"line":32,"column":12},"end":{"line":32,"column":30}},"8":{"start":{"line":33,"column":2},"end":{"line":33,"column":null}},"9":{"start":{"line":33,"column":14},"end":{"line":33,"column":null}},"10":{"start":{"line":34,"column":2},"end":{"line":34,"column":null}},"11":{"start":{"line":34,"column":15},"end":{"line":34,"column":null}},"12":{"start":{"line":35,"column":2},"end":{"line":35,"column":null}},"13":{"start":{"line":43,"column":15},"end":{"line":43,"column":99}},"14":{"start":{"line":44,"column":2},"end":{"line":44,"column":null}},"15":{"start":{"line":48,"column":19},"end":{"line":48,"column":37}},"16":{"start":{"line":49,"column":17},"end":{"line":49,"column":33}},"17":{"start":{"line":50,"column":21},"end":{"line":50,"column":41}},"18":{"start":{"line":51,"column":14},"end":{"line":51,"column":24}},"19":{"start":{"line":52,"column":17},"end":{"line":52,"column":47}},"20":{"start":{"line":53,"column":17},"end":{"line":53,"column":45}},"21":{"start":{"line":56,"column":20},"end":{"line":61,"column":65}},"22":{"start":{"line":63,"column":20},"end":{"line":63,"column":76}},"23":{"start":{"line":66,"column":25},"end":{"line":66,"column":34}},"24":{"start":{"line":67,"column":25},"end":{"line":71,"column":4}},"25":{"start":{"line":68,"column":18},"end":{"line":68,"column":37}},"26":{"start":{"line":69,"column":4},"end":{"line":69,"column":null}},"27":{"start":{"line":69,"column":25},"end":{"line":69,"column":57}},"28":{"start":{"line":70,"column":4},"end":{"line":70,"column":null}},"29":{"start":{"line":73,"column":19},"end":{"line":75,"column":8}},"30":{"start":{"line":74,"column":86},"end":{"line":74,"column":89}},"31":{"start":{"line":78,"column":17},"end":{"line":78,"column":26}},"32":{"start":{"line":79,"column":2},"end":{"line":79,"column":null}},"33":{"start":{"line":79,"column":29},"end":{"line":79,"column":101}},"34":{"start":{"line":79,"column":74},"end":{"line":79,"column":101}},"35":{"start":{"line":80,"column":2},"end":{"line":80,"column":26}},"36":{"start":{"line":83,"column":22},"end":{"line":88,"column":65}},"37":{"start":{"line":89,"column":26},"end":{"line":89,"column":91}},"38":{"start":{"line":92,"column":19},"end":{"line":92,"column":93}},"39":{"start":{"line":93,"column":21},"end":{"line":93,"column":48}},"40":{"start":{"line":94,"column":22},"end":{"line":94,"column":71}},"41":{"start":{"line":95,"column":25},"end":{"line":95,"column":61}},"42":{"start":{"line":96,"column":22},"end":{"line":96,"column":46}},"43":{"start":{"line":97,"column":24},"end":{"line":97,"column":58}},"44":{"start":{"line":100,"column":23},"end":{"line":113,"column":26}},"45":{"start":{"line":100,"column":48},"end":{"line":113,"column":16}},"46":{"start":{"line":116,"column":22},"end":{"line":124,"column":25}},"47":{"start":{"line":116,"column":42},"end":{"line":124,"column":15}},"48":{"start":{"line":127,"column":22},"end":{"line":148,"column":21}},"49":{"start":{"line":151,"column":17},"end":{"line":151,"column":20}},"50":{"start":{"line":152,"column":20},"end":{"line":152,"column":21}},"51":{"start":{"line":153,"column":19},"end":{"line":153,"column":20}},"52":{"start":{"line":155,"column":22},"end":{"line":238,"column":13}},"53":{"start":{"line":156,"column":24},"end":{"line":156,"column":50}},"54":{"start":{"line":157,"column":28},"end":{"line":157,"column":58}},"55":{"start":{"line":158,"column":22},"end":{"line":158,"column":63}},"56":{"start":{"line":159,"column":23},"end":{"line":159,"column":46}},"57":{"start":{"line":160,"column":21},"end":{"line":160,"column":61}},"58":{"start":{"line":161,"column":23},"end":{"line":161,"column":50}},"59":{"start":{"line":163,"column":17},"end":{"line":163,"column":91}},"60":{"start":{"line":164,"column":4},"end":{"line":164,"column":null}},"61":{"start":{"line":165,"column":4},"end":{"line":165,"column":null}},"62":{"start":{"line":167,"column":21},"end":{"line":195,"column":15}},"63":{"start":{"line":168,"column":21},"end":{"line":168,"column":47}},"64":{"start":{"line":169,"column":24},"end":{"line":169,"column":52}},"65":{"start":{"line":170,"column":18},"end":{"line":170,"column":44}},"66":{"start":{"line":171,"column":21},"end":{"line":171,"column":48}},"67":{"start":{"line":172,"column":21},"end":{"line":172,"column":55}},"68":{"start":{"line":173,"column":6},"end":{"line":194,"column":null}},"69":{"start":{"line":197,"column":23},"end":{"line":197,"column":114}},"70":{"start":{"line":198,"column":22},"end":{"line":198,"column":111}},"71":{"start":{"line":200,"column":4},"end":{"line":237,"column":null}},"72":{"start":{"line":241,"column":25},"end":{"line":305,"column":13}},"73":{"start":{"line":242,"column":18},"end":{"line":242,"column":45}},"74":{"start":{"line":243,"column":20},"end":{"line":243,"column":43}},"75":{"start":{"line":244,"column":20},"end":{"line":244,"column":47}},"76":{"start":{"line":245,"column":17},"end":{"line":245,"column":71}},"77":{"start":{"line":246,"column":18},"end":{"line":246,"column":49}},"78":{"start":{"line":247,"column":4},"end":{"line":247,"column":null}},"79":{"start":{"line":249,"column":21},"end":{"line":273,"column":26}},"80":{"start":{"line":249,"column":45},"end":{"line":273,"column":16}},"81":{"start":{"line":275,"column":4},"end":{"line":304,"column":null}},"82":{"start":{"line":307,"column":23},"end":{"line":307,"column":65}},"83":{"start":{"line":309,"column":2},"end":{"line":354,"column":null}},"84":{"start":{"line":357,"column":0},"end":{"line":357,"column":null}}},"fnMap":{"0":{"name":"escapeXml","decl":{"start":{"line":12,"column":9},"end":{"line":12,"column":18}},"loc":{"start":{"line":12,"column":26},"end":{"line":19,"column":null}},"line":12},"1":{"name":"isoDate","decl":{"start":{"line":21,"column":9},"end":{"line":21,"column":16}},"loc":{"start":{"line":21,"column":22},"end":{"line":23,"column":null}},"line":21},"2":{"name":"isoDateTime","decl":{"start":{"line":25,"column":9},"end":{"line":25,"column":20}},"loc":{"start":{"line":25,"column":26},"end":{"line":29,"column":null}},"line":25},"3":{"name":"taxCode","decl":{"start":{"line":31,"column":9},"end":{"line":31,"column":16}},"loc":{"start":{"line":31,"column":23},"end":{"line":36,"column":null}},"line":31},"4":{"name":"computeHash","decl":{"start":{"line":42,"column":9},"end":{"line":42,"column":20}},"loc":{"start":{"line":42,"column":84},"end":{"line":45,"column":null}},"line":42},"5":{"name":"buildSaftXml","decl":{"start":{"line":47,"column":9},"end":{"line":47,"column":21}},"loc":{"start":{"line":47,"column":57},"end":{"line":355,"column":null}},"line":47},"6":{"name":"(anonymous_6)","decl":{"start":{"line":67,"column":39},"end":{"line":67,"column":40}},"loc":{"start":{"line":67,"column":46},"end":{"line":71,"column":3}},"line":67},"7":{"name":"(anonymous_7)","decl":{"start":{"line":69,"column":18},"end":{"line":69,"column":19}},"loc":{"start":{"line":69,"column":25},"end":{"line":69,"column":57}},"line":69},"8":{"name":"(anonymous_8)","decl":{"start":{"line":74,"column":80},"end":{"line":74,"column":81}},"loc":{"start":{"line":74,"column":86},"end":{"line":74,"column":89}},"line":74},"9":{"name":"(anonymous_9)","decl":{"start":{"line":79,"column":20},"end":{"line":79,"column":21}},"loc":{"start":{"line":79,"column":27},"end":{"line":79,"column":103}},"line":79},"10":{"name":"(anonymous_10)","decl":{"start":{"line":100,"column":39},"end":{"line":100,"column":40}},"loc":{"start":{"line":100,"column":48},"end":{"line":113,"column":16}},"line":100},"11":{"name":"(anonymous_11)","decl":{"start":{"line":116,"column":35},"end":{"line":116,"column":36}},"loc":{"start":{"line":116,"column":42},"end":{"line":124,"column":15}},"line":116},"12":{"name":"(anonymous_12)","decl":{"start":{"line":155,"column":41},"end":{"line":155,"column":42}},"loc":{"start":{"line":155,"column":51},"end":{"line":238,"column":3}},"line":155},"13":{"name":"(anonymous_13)","decl":{"start":{"line":167,"column":36},"end":{"line":167,"column":37}},"loc":{"start":{"line":167,"column":51},"end":{"line":195,"column":5}},"line":167},"14":{"name":"(anonymous_14)","decl":{"start":{"line":241,"column":41},"end":{"line":241,"column":42}},"loc":{"start":{"line":241,"column":55},"end":{"line":305,"column":3}},"line":241},"15":{"name":"(anonymous_15)","decl":{"start":{"line":249,"column":31},"end":{"line":249,"column":32}},"loc":{"start":{"line":249,"column":45},"end":{"line":273,"column":16}},"line":249}},"branchMap":{"0":{"loc":{"start":{"line":13,"column":16},"end":{"line":13,"column":27}},"type":"binary-expr","locations":[{"start":{"line":13,"column":16},"end":{"line":13,"column":21}},{"start":{"line":13,"column":25},"end":{"line":13,"column":27}}],"line":13},"1":{"loc":{"start":{"line":22,"column":16},"end":{"line":22,"column":25}},"type":"binary-expr","locations":[{"start":{"line":22,"column":16},"end":{"line":22,"column":19}},{"start":{"line":22,"column":23},"end":{"line":22,"column":25}}],"line":22},"2":{"loc":{"start":{"line":26,"column":19},"end":{"line":26,"column":28}},"type":"binary-expr","locations":[{"start":{"line":26,"column":19},"end":{"line":26,"column":22}},{"start":{"line":26,"column":26},"end":{"line":26,"column":28}}],"line":26},"3":{"loc":{"start":{"line":27,"column":2},"end":{"line":27,"column":null}},"type":"if","locations":[{"start":{"line":27,"column":2},"end":{"line":27,"column":null}},{"start":{},"end":{}}],"line":27},"4":{"loc":{"start":{"line":32,"column":19},"end":{"line":32,"column":29}},"type":"binary-expr","locations":[{"start":{"line":32,"column":19},"end":{"line":32,"column":23}},{"start":{"line":32,"column":27},"end":{"line":32,"column":29}}],"line":32},"5":{"loc":{"start":{"line":33,"column":2},"end":{"line":33,"column":null}},"type":"if","locations":[{"start":{"line":33,"column":2},"end":{"line":33,"column":null}},{"start":{},"end":{}}],"line":33},"6":{"loc":{"start":{"line":34,"column":2},"end":{"line":34,"column":null}},"type":"if","locations":[{"start":{"line":34,"column":2},"end":{"line":34,"column":null}},{"start":{},"end":{}}],"line":34},"7":{"loc":{"start":{"line":73,"column":19},"end":{"line":75,"column":8}},"type":"cond-expr","locations":[{"start":{"line":74,"column":6},"end":{"line":74,"column":null}},{"start":{"line":75,"column":6},"end":{"line":75,"column":8}}],"line":73},"8":{"loc":{"start":{"line":79,"column":29},"end":{"line":79,"column":101}},"type":"if","locations":[{"start":{"line":79,"column":29},"end":{"line":79,"column":101}},{"start":{},"end":{}}],"line":79},"9":{"loc":{"start":{"line":79,"column":33},"end":{"line":79,"column":72}},"type":"binary-expr","locations":[{"start":{"line":79,"column":33},"end":{"line":79,"column":47}},{"start":{"line":79,"column":51},"end":{"line":79,"column":72}}],"line":79},"10":{"loc":{"start":{"line":92,"column":19},"end":{"line":92,"column":93}},"type":"binary-expr","locations":[{"start":{"line":92,"column":19},"end":{"line":92,"column":87}},{"start":{"line":92,"column":91},"end":{"line":92,"column":93}}],"line":92},"11":{"loc":{"start":{"line":93,"column":21},"end":{"line":93,"column":48}},"type":"binary-expr","locations":[{"start":{"line":93,"column":21},"end":{"line":93,"column":33}},{"start":{"line":93,"column":37},"end":{"line":93,"column":48}}],"line":93},"12":{"loc":{"start":{"line":94,"column":22},"end":{"line":94,"column":71}},"type":"binary-expr","locations":[{"start":{"line":94,"column":22},"end":{"line":94,"column":43}},{"start":{"line":94,"column":47},"end":{"line":94,"column":71}}],"line":94},"13":{"loc":{"start":{"line":95,"column":25},"end":{"line":95,"column":61}},"type":"binary-expr","locations":[{"start":{"line":95,"column":25},"end":{"line":95,"column":41}},{"start":{"line":95,"column":45},"end":{"line":95,"column":61}}],"line":95},"14":{"loc":{"start":{"line":96,"column":22},"end":{"line":96,"column":46}},"type":"binary-expr","locations":[{"start":{"line":96,"column":22},"end":{"line":96,"column":35}},{"start":{"line":96,"column":39},"end":{"line":96,"column":46}}],"line":96},"15":{"loc":{"start":{"line":97,"column":24},"end":{"line":97,"column":58}},"type":"binary-expr","locations":[{"start":{"line":97,"column":24},"end":{"line":97,"column":44}},{"start":{"line":97,"column":48},"end":{"line":97,"column":58}}],"line":97},"16":{"loc":{"start":{"line":102,"column":30},"end":{"line":102,"column":79}},"type":"cond-expr","locations":[{"start":{"line":102,"column":52},"end":{"line":102,"column":64}},{"start":{"line":102,"column":67},"end":{"line":102,"column":79}}],"line":102},"17":{"loc":{"start":{"line":105,"column":31},"end":{"line":105,"column":83}},"type":"cond-expr","locations":[{"start":{"line":105,"column":53},"end":{"line":105,"column":71}},{"start":{"line":105,"column":74},"end":{"line":105,"column":83}}],"line":105},"18":{"loc":{"start":{"line":119,"column":31},"end":{"line":119,"column":48}},"type":"binary-expr","locations":[{"start":{"line":119,"column":31},"end":{"line":119,"column":40}},{"start":{"line":119,"column":44},"end":{"line":119,"column":48}}],"line":119},"19":{"loc":{"start":{"line":120,"column":32},"end":{"line":120,"column":53}},"type":"binary-expr","locations":[{"start":{"line":120,"column":32},"end":{"line":120,"column":42}},{"start":{"line":120,"column":46},"end":{"line":120,"column":53}}],"line":120},"20":{"loc":{"start":{"line":122,"column":37},"end":{"line":122,"column":54}},"type":"binary-expr","locations":[{"start":{"line":122,"column":37},"end":{"line":122,"column":46}},{"start":{"line":122,"column":50},"end":{"line":122,"column":54}}],"line":122},"21":{"loc":{"start":{"line":158,"column":32},"end":{"line":158,"column":62}},"type":"binary-expr","locations":[{"start":{"line":158,"column":32},"end":{"line":158,"column":51}},{"start":{"line":158,"column":55},"end":{"line":158,"column":62}}],"line":158},"22":{"loc":{"start":{"line":159,"column":30},"end":{"line":159,"column":45}},"type":"binary-expr","locations":[{"start":{"line":159,"column":30},"end":{"line":159,"column":40}},{"start":{"line":159,"column":44},"end":{"line":159,"column":45}}],"line":159},"23":{"loc":{"start":{"line":160,"column":41},"end":{"line":160,"column":60}},"type":"binary-expr","locations":[{"start":{"line":160,"column":41},"end":{"line":160,"column":55}},{"start":{"line":160,"column":59},"end":{"line":160,"column":60}}],"line":160},"24":{"loc":{"start":{"line":161,"column":30},"end":{"line":161,"column":49}},"type":"binary-expr","locations":[{"start":{"line":161,"column":30},"end":{"line":161,"column":44}},{"start":{"line":161,"column":48},"end":{"line":161,"column":49}}],"line":161},"25":{"loc":{"start":{"line":168,"column":28},"end":{"line":168,"column":46}},"type":"binary-expr","locations":[{"start":{"line":168,"column":28},"end":{"line":168,"column":41}},{"start":{"line":168,"column":45},"end":{"line":168,"column":46}}],"line":168},"26":{"loc":{"start":{"line":169,"column":31},"end":{"line":169,"column":51}},"type":"binary-expr","locations":[{"start":{"line":169,"column":31},"end":{"line":169,"column":46}},{"start":{"line":169,"column":50},"end":{"line":169,"column":51}}],"line":169},"27":{"loc":{"start":{"line":170,"column":25},"end":{"line":170,"column":43}},"type":"binary-expr","locations":[{"start":{"line":170,"column":25},"end":{"line":170,"column":38}},{"start":{"line":170,"column":42},"end":{"line":170,"column":43}}],"line":170},"28":{"loc":{"start":{"line":171,"column":28},"end":{"line":171,"column":47}},"type":"binary-expr","locations":[{"start":{"line":171,"column":28},"end":{"line":171,"column":41}},{"start":{"line":171,"column":45},"end":{"line":171,"column":47}}],"line":171},"29":{"loc":{"start":{"line":197,"column":23},"end":{"line":197,"column":114}},"type":"cond-expr","locations":[{"start":{"line":197,"column":73},"end":{"line":197,"column":99}},{"start":{"line":197,"column":102},"end":{"line":197,"column":114}}],"line":197},"30":{"loc":{"start":{"line":197,"column":24},"end":{"line":197,"column":69}},"type":"binary-expr","locations":[{"start":{"line":197,"column":24},"end":{"line":197,"column":41}},{"start":{"line":197,"column":45},"end":{"line":197,"column":69}}],"line":197},"31":{"loc":{"start":{"line":198,"column":22},"end":{"line":198,"column":111}},"type":"cond-expr","locations":[{"start":{"line":198,"column":59},"end":{"line":198,"column":63}},{"start":{"line":198,"column":66},"end":{"line":198,"column":111}}],"line":198},"32":{"loc":{"start":{"line":198,"column":66},"end":{"line":198,"column":111}},"type":"cond-expr","locations":[{"start":{"line":198,"column":100},"end":{"line":198,"column":104}},{"start":{"line":198,"column":107},"end":{"line":198,"column":111}}],"line":198},"33":{"loc":{"start":{"line":207,"column":32},"end":{"line":207,"column":62}},"type":"binary-expr","locations":[{"start":{"line":207,"column":32},"end":{"line":207,"column":50}},{"start":{"line":207,"column":54},"end":{"line":207,"column":62}}],"line":207},"34":{"loc":{"start":{"line":220,"column":30},"end":{"line":220,"column":60}},"type":"binary-expr","locations":[{"start":{"line":220,"column":30},"end":{"line":220,"column":48}},{"start":{"line":220,"column":52},"end":{"line":220,"column":60}}],"line":220},"35":{"loc":{"start":{"line":233,"column":36},"end":{"line":233,"column":66}},"type":"binary-expr","locations":[{"start":{"line":233,"column":36},"end":{"line":233,"column":52}},{"start":{"line":233,"column":56},"end":{"line":233,"column":66}}],"line":233},"36":{"loc":{"start":{"line":246,"column":25},"end":{"line":246,"column":48}},"type":"binary-expr","locations":[{"start":{"line":246,"column":25},"end":{"line":246,"column":43}},{"start":{"line":246,"column":47},"end":{"line":246,"column":48}}],"line":246},"37":{"loc":{"start":{"line":253,"column":42},"end":{"line":253,"column":65}},"type":"binary-expr","locations":[{"start":{"line":253,"column":42},"end":{"line":253,"column":59}},{"start":{"line":253,"column":63},"end":{"line":253,"column":65}}],"line":253},"38":{"loc":{"start":{"line":259,"column":35},"end":{"line":259,"column":61}},"type":"binary-expr","locations":[{"start":{"line":259,"column":35},"end":{"line":259,"column":55}},{"start":{"line":259,"column":59},"end":{"line":259,"column":61}}],"line":259},"39":{"loc":{"start":{"line":260,"column":32},"end":{"line":260,"column":57}},"type":"binary-expr","locations":[{"start":{"line":260,"column":32},"end":{"line":260,"column":42}},{"start":{"line":260,"column":46},"end":{"line":260,"column":57}}],"line":260},"40":{"loc":{"start":{"line":262,"column":47},"end":{"line":262,"column":70}},"type":"binary-expr","locations":[{"start":{"line":262,"column":47},"end":{"line":262,"column":64}},{"start":{"line":262,"column":68},"end":{"line":262,"column":70}}],"line":262},"41":{"loc":{"start":{"line":282,"column":32},"end":{"line":282,"column":61}},"type":"binary-expr","locations":[{"start":{"line":282,"column":32},"end":{"line":282,"column":49}},{"start":{"line":282,"column":53},"end":{"line":282,"column":61}}],"line":282},"42":{"loc":{"start":{"line":295,"column":30},"end":{"line":295,"column":59}},"type":"binary-expr","locations":[{"start":{"line":295,"column":30},"end":{"line":295,"column":47}},{"start":{"line":295,"column":51},"end":{"line":295,"column":59}}],"line":295}},"s":{"0":1,"1":24,"2":3,"3":1,"4":1,"5":0,"6":1,"7":165,"8":165,"9":0,"10":1,"11":0,"12":0,"13":1,"14":1,"15":119,"16":119,"17":119,"18":119,"19":23,"20":23,"21":23,"22":23,"23":23,"24":23,"25":1,"26":1,"27":1,"28":1,"29":23,"30":1,"31":23,"32":23,"33":1,"34":0,"35":15,"36":23,"37":23,"38":23,"39":23,"40":23,"41":23,"42":23,"43":23,"44":23,"45":2,"46":25,"47":1,"48":1,"49":23,"50":23,"51":23,"52":23,"53":1,"54":1,"55":1,"56":1,"57":119,"58":119,"59":119,"60":119,"61":119,"62":119,"63":1,"64":1,"65":1,"66":1,"67":118,"68":118,"69":118,"70":118,"71":119,"72":119,"73":0,"74":0,"75":0,"76":0,"77":0,"78":0,"79":0,"80":0,"81":0,"82":0,"83":0,"84":23},"f":{"0":24,"1":3,"2":1,"3":165,"4":116,"5":119,"6":1,"7":1,"8":1,"9":1,"10":2,"11":1,"12":1,"13":1,"14":0,"15":0},"b":{"0":[24,0],"1":[3,0],"2":[1,0],"3":[0,1],"4":[165,0],"5":[0,165],"6":[0,1],"7":[23,0],"8":[0,1],"9":[1,0],"10":[23,0],"11":[23,0],"12":[23,0],"13":[23,0],"14":[23,0],"15":[23,0],"16":[1,0],"17":[25,0],"18":[1,0],"19":[1,0],"20":[1,0],"21":[1,0],"22":[119,0],"23":[119,0],"24":[119,0],"25":[1,0],"26":[1,0],"27":[1,0],"28":[1,0],"29":[0,118],"30":[118,0],"31":[0,118],"32":[0,119],"33":[119,119],"34":[119,119],"35":[119,0],"36":[0,0],"37":[0,0],"38":[0,0],"39":[0,0],"40":[0,0],"41":[0,0],"42":[0,0]},"meta":{"lastBranch":43,"lastFunction":16,"lastStatement":85,"seen":{"s:10:15:10:32":0,"f:12:9:12:18":0,"s:13:2:18:Infinity":1,"b:13:16:13:21:13:25:13:27":0,"f:21:9:21:16":1,"s:22:2:22:Infinity":2,"b:22:16:22:19:22:23:22:25":1,"f:25:9:25:20":2,"s:26:12:26:29":3,"b:26:19:26:22:26:26:26:28":2,"b:27:2:27:Infinity:undefined:undefined:undefined:undefined":3,"s:27:2:27:Infinity":4,"s:27:23:27:Infinity":5,"s:28:2:28:Infinity":6,"f:31:9:31:16":3,"s:32:12:32:30":7,"b:32:19:32:23:32:27:32:29":4,"b:33:2:33:Infinity:undefined:undefined:undefined:undefined":5,"s:33:2:33:Infinity":8,"s:33:14:33:Infinity":9,"b:34:2:34:Infinity:undefined:undefined:undefined:undefined":6,"s:34:2:34:Infinity":10,"s:34:15:34:Infinity":11,"s:35:2:35:Infinity":12,"f:42:9:42:20":4,"s:43:15:43:99":13,"s:44:2:44:Infinity":14,"f:47:9:47:21":5,"s:48:19:48:37":15,"s:49:17:49:33":16,"s:50:21:50:41":17,"s:51:14:51:24":18,"s:52:17:52:47":19,"s:53:17:53:45":20,"s:56:20:61:65":21,"s:63:20:63:76":22,"s:66:25:66:34":23,"s:67:25:71:4":24,"f:67:39:67:40":6,"s:68:18:68:37":25,"s:69:4:69:Infinity":26,"f:69:18:69:19":7,"s:69:25:69:57":27,"s:70:4:70:Infinity":28,"s:73:19:75:8":29,"b:74:6:74:Infinity:75:6:75:8":7,"f:74:80:74:81":8,"s:74:86:74:89":30,"s:78:17:78:26":31,"s:79:2:79:Infinity":32,"f:79:20:79:21":9,"b:79:29:79:101:undefined:undefined:undefined:undefined":8,"s:79:29:79:101":33,"b:79:33:79:47:79:51:79:72":9,"s:79:74:79:101":34,"s:80:2:80:26":35,"s:83:22:88:65":36,"s:89:26:89:91":37,"s:92:19:92:93":38,"b:92:19:92:87:92:91:92:93":10,"s:93:21:93:48":39,"b:93:21:93:33:93:37:93:48":11,"s:94:22:94:71":40,"b:94:22:94:43:94:47:94:71":12,"s:95:25:95:61":41,"b:95:25:95:41:95:45:95:61":13,"s:96:22:96:46":42,"b:96:22:96:35:96:39:96:46":14,"s:97:24:97:58":43,"b:97:24:97:44:97:48:97:58":15,"s:100:23:113:26":44,"f:100:39:100:40":10,"s:100:48:113:16":45,"b:102:52:102:64:102:67:102:79":16,"b:105:53:105:71:105:74:105:83":17,"s:116:22:124:25":46,"f:116:35:116:36":11,"s:116:42:124:15":47,"b:119:31:119:40:119:44:119:48":18,"b:120:32:120:42:120:46:120:53":19,"b:122:37:122:46:122:50:122:54":20,"s:127:22:148:21":48,"s:151:17:151:20":49,"s:152:20:152:21":50,"s:153:19:153:20":51,"s:155:22:238:13":52,"f:155:41:155:42":12,"s:156:24:156:50":53,"s:157:28:157:58":54,"s:158:22:158:63":55,"b:158:32:158:51:158:55:158:62":21,"s:159:23:159:46":56,"b:159:30:159:40:159:44:159:45":22,"s:160:21:160:61":57,"b:160:41:160:55:160:59:160:60":23,"s:161:23:161:50":58,"b:161:30:161:44:161:48:161:49":24,"s:163:17:163:91":59,"s:164:4:164:Infinity":60,"s:165:4:165:Infinity":61,"s:167:21:195:15":62,"f:167:36:167:37":13,"s:168:21:168:47":63,"b:168:28:168:41:168:45:168:46":25,"s:169:24:169:52":64,"b:169:31:169:46:169:50:169:51":26,"s:170:18:170:44":65,"b:170:25:170:38:170:42:170:43":27,"s:171:21:171:48":66,"b:171:28:171:41:171:45:171:47":28,"s:172:21:172:55":67,"s:173:6:194:Infinity":68,"s:197:23:197:114":69,"b:197:73:197:99:197:102:197:114":29,"b:197:24:197:41:197:45:197:69":30,"s:198:22:198:111":70,"b:198:59:198:63:198:66:198:111":31,"b:198:100:198:104:198:107:198:111":32,"s:200:4:237:Infinity":71,"b:207:32:207:50:207:54:207:62":33,"b:220:30:220:48:220:52:220:60":34,"b:233:36:233:52:233:56:233:66":35,"s:241:25:305:13":72,"f:241:41:241:42":14,"s:242:18:242:45":73,"s:243:20:243:43":74,"s:244:20:244:47":75,"s:245:17:245:71":76,"s:246:18:246:49":77,"b:246:25:246:43:246:47:246:48":36,"s:247:4:247:Infinity":78,"s:249:21:273:26":79,"f:249:31:249:32":15,"s:249:45:273:16":80,"b:253:42:253:59:253:63:253:65":37,"b:259:35:259:55:259:59:259:61":38,"b:260:32:260:42:260:46:260:57":39,"b:262:47:262:64:262:68:262:70":40,"s:275:4:304:Infinity":81,"b:282:32:282:49:282:53:282:61":41,"b:295:30:295:47:295:51:295:59":42,"s:307:23:307:65":82,"s:309:2:354:Infinity":83,"s:357:0:357:Infinity":84}}}
,"/home/jose/Universidade/3Ano/2Sem/LI4/TP/LI4-TP-2526/FlashStore/server/scheduler.js": {"path":"/home/jose/Universidade/3Ano/2Sem/LI4/TP/LI4-TP-2526/FlashStore/server/scheduler.js","statementMap":{"0":{"start":{"line":12,"column":13},"end":{"line":12,"column":28}},"1":{"start":{"line":13,"column":11},"end":{"line":13,"column":24}},"2":{"start":{"line":15,"column":17},"end":{"line":15,"column":53}},"3":{"start":{"line":18,"column":2},"end":{"line":18,"column":null}},"4":{"start":{"line":18,"column":27},"end":{"line":18,"column":null}},"5":{"start":{"line":23,"column":14},"end":{"line":23,"column":24}},"6":{"start":{"line":24,"column":15},"end":{"line":24,"column":28}},"7":{"start":{"line":25,"column":2},"end":{"line":25,"column":null}},"8":{"start":{"line":26,"column":2},"end":{"line":26,"column":null}},"9":{"start":{"line":26,"column":19},"end":{"line":26,"column":null}},"10":{"start":{"line":27,"column":2},"end":{"line":27,"column":null}},"11":{"start":{"line":33,"column":18},"end":{"line":33,"column":39}},"12":{"start":{"line":34,"column":4},"end":{"line":34,"column":null}},"13":{"start":{"line":35,"column":4},"end":{"line":39,"column":null}},"14":{"start":{"line":36,"column":6},"end":{"line":36,"column":null}},"15":{"start":{"line":37,"column":6},"end":{"line":37,"column":null}},"16":{"start":{"line":37,"column":12},"end":{"line":37,"column":23}},"17":{"start":{"line":37,"column":40},"end":{"line":37,"column":94}},"18":{"start":{"line":38,"column":6},"end":{"line":38,"column":null}},"19":{"start":{"line":41,"column":2},"end":{"line":41,"column":null}},"20":{"start":{"line":47,"column":16},"end":{"line":47,"column":26}},"21":{"start":{"line":48,"column":4},"end":{"line":51,"column":null}},"22":{"start":{"line":49,"column":24},"end":{"line":49,"column":74}},"23":{"start":{"line":50,"column":6},"end":{"line":50,"column":null}},"24":{"start":{"line":53,"column":2},"end":{"line":53,"column":null}},"25":{"start":{"line":57,"column":2},"end":{"line":78,"column":null}},"26":{"start":{"line":58,"column":4},"end":{"line":58,"column":null}},"27":{"start":{"line":59,"column":21},"end":{"line":59,"column":51}},"28":{"start":{"line":60,"column":22},"end":{"line":60,"column":46}},"29":{"start":{"line":61,"column":20},"end":{"line":61,"column":71}},"30":{"start":{"line":63,"column":19},"end":{"line":63,"column":135}},"31":{"start":{"line":64,"column":4},"end":{"line":75,"column":null}},"32":{"start":{"line":65,"column":6},"end":{"line":74,"column":null}},"33":{"start":{"line":66,"column":25},"end":{"line":66,"column":104}},"34":{"start":{"line":67,"column":8},"end":{"line":67,"column":null}},"35":{"start":{"line":67,"column":37},"end":{"line":67,"column":null}},"36":{"start":{"line":68,"column":36},"end":{"line":68,"column":53}},"37":{"start":{"line":69,"column":20},"end":{"line":69,"column":70}},"38":{"start":{"line":70,"column":8},"end":{"line":70,"column":null}},"39":{"start":{"line":71,"column":8},"end":{"line":71,"column":null}},"40":{"start":{"line":73,"column":8},"end":{"line":73,"column":null}},"41":{"start":{"line":77,"column":4},"end":{"line":77,"column":null}},"42":{"start":{"line":82,"column":16},"end":{"line":82,"column":53}},"43":{"start":{"line":83,"column":18},"end":{"line":83,"column":80}},"44":{"start":{"line":85,"column":19},"end":{"line":95,"column":24}},"45":{"start":{"line":97,"column":2},"end":{"line":109,"column":null}},"46":{"start":{"line":98,"column":21},"end":{"line":98,"column":88}},"47":{"start":{"line":99,"column":4},"end":{"line":108,"column":null}},"48":{"start":{"line":111,"column":2},"end":{"line":113,"column":null}},"49":{"start":{"line":112,"column":4},"end":{"line":112,"column":null}},"50":{"start":{"line":118,"column":16},"end":{"line":118,"column":53}},"51":{"start":{"line":119,"column":17},"end":{"line":119,"column":69}},"52":{"start":{"line":121,"column":2},"end":{"line":144,"column":null}},"53":{"start":{"line":122,"column":19},"end":{"line":131,"column":17}},"54":{"start":{"line":133,"column":4},"end":{"line":143,"column":null}},"55":{"start":{"line":146,"column":2},"end":{"line":146,"column":null}},"56":{"start":{"line":151,"column":16},"end":{"line":151,"column":53}},"57":{"start":{"line":152,"column":17},"end":{"line":152,"column":97}},"58":{"start":{"line":154,"column":2},"end":{"line":167,"column":null}},"59":{"start":{"line":155,"column":19},"end":{"line":157,"column":23}},"60":{"start":{"line":159,"column":4},"end":{"line":166,"column":null}},"61":{"start":{"line":160,"column":6},"end":{"line":160,"column":null}},"62":{"start":{"line":161,"column":6},"end":{"line":165,"column":null}},"63":{"start":{"line":172,"column":2},"end":{"line":204,"column":null}},"64":{"start":{"line":207,"column":2},"end":{"line":207,"column":null}},"65":{"start":{"line":208,"column":2},"end":{"line":208,"column":null}},"66":{"start":{"line":208,"column":20},"end":{"line":208,"column":41}},"67":{"start":{"line":211,"column":2},"end":{"line":211,"column":null}},"68":{"start":{"line":212,"column":2},"end":{"line":212,"column":null}},"69":{"start":{"line":212,"column":20},"end":{"line":212,"column":43}},"70":{"start":{"line":215,"column":2},"end":{"line":215,"column":null}},"71":{"start":{"line":215,"column":52},"end":{"line":215,"column":79}},"72":{"start":{"line":216,"column":2},"end":{"line":216,"column":null}},"73":{"start":{"line":216,"column":56},"end":{"line":216,"column":78}},"74":{"start":{"line":217,"column":2},"end":{"line":217,"column":null}},"75":{"start":{"line":219,"column":2},"end":{"line":219,"column":null}},"76":{"start":{"line":223,"column":16},"end":{"line":223,"column":53}},"77":{"start":{"line":224,"column":15},"end":{"line":232,"column":15}},"78":{"start":{"line":234,"column":2},"end":{"line":243,"column":null}},"79":{"start":{"line":235,"column":4},"end":{"line":242,"column":null}},"80":{"start":{"line":246,"column":0},"end":{"line":246,"column":null}}},"fnMap":{"0":{"name":"ensureDir","decl":{"start":{"line":17,"column":9},"end":{"line":17,"column":18}},"loc":{"start":{"line":17,"column":24},"end":{"line":19,"column":null}},"line":17},"1":{"name":"msUntil","decl":{"start":{"line":22,"column":9},"end":{"line":22,"column":16}},"loc":{"start":{"line":22,"column":31},"end":{"line":28,"column":null}},"line":22},"2":{"name":"dailyAt","decl":{"start":{"line":31,"column":9},"end":{"line":31,"column":16}},"loc":{"start":{"line":31,"column":42},"end":{"line":42,"column":null}},"line":31},"3":{"name":"scheduleNext","decl":{"start":{"line":32,"column":11},"end":{"line":32,"column":23}},"loc":{"start":{"line":32,"column":26},"end":{"line":40,"column":null}},"line":32},"4":{"name":"(anonymous_4)","decl":{"start":{"line":35,"column":15},"end":{"line":35,"column":20}},"loc":{"start":{"line":35,"column":27},"end":{"line":39,"column":5}},"line":35},"5":{"name":"scheduleSaftMonthly","decl":{"start":{"line":45,"column":9},"end":{"line":45,"column":28}},"loc":{"start":{"line":45,"column":33},"end":{"line":54,"column":null}},"line":45},"6":{"name":"check","decl":{"start":{"line":46,"column":11},"end":{"line":46,"column":16}},"loc":{"start":{"line":46,"column":19},"end":{"line":52,"column":null}},"line":46},"7":{"name":"generateSaftForMonth","decl":{"start":{"line":56,"column":9},"end":{"line":56,"column":29}},"loc":{"start":{"line":56,"column":47},"end":{"line":79,"column":null}},"line":56},"8":{"name":"(anonymous_8)","decl":{"start":{"line":64,"column":19},"end":{"line":64,"column":20}},"loc":{"start":{"line":64,"column":34},"end":{"line":75,"column":5}},"line":64},"9":{"name":"checkExpiryAlerts","decl":{"start":{"line":81,"column":9},"end":{"line":81,"column":26}},"loc":{"start":{"line":81,"column":31},"end":{"line":114,"column":null}},"line":81},"10":{"name":"(anonymous_10)","decl":{"start":{"line":97,"column":19},"end":{"line":97,"column":20}},"loc":{"start":{"line":97,"column":28},"end":{"line":109,"column":3}},"line":97},"11":{"name":"snapshotDailyStock","decl":{"start":{"line":117,"column":9},"end":{"line":117,"column":27}},"loc":{"start":{"line":117,"column":32},"end":{"line":147,"column":null}},"line":117},"12":{"name":"(anonymous_12)","decl":{"start":{"line":121,"column":17},"end":{"line":121,"column":18}},"loc":{"start":{"line":121,"column":32},"end":{"line":144,"column":3}},"line":121},"13":{"name":"checkMissingDayClosures","decl":{"start":{"line":150,"column":9},"end":{"line":150,"column":32}},"loc":{"start":{"line":150,"column":37},"end":{"line":168,"column":null}},"line":150},"14":{"name":"(anonymous_14)","decl":{"start":{"line":154,"column":17},"end":{"line":154,"column":18}},"loc":{"start":{"line":154,"column":32},"end":{"line":167,"column":3}},"line":154},"15":{"name":"startScheduler","decl":{"start":{"line":170,"column":9},"end":{"line":170,"column":23}},"loc":{"start":{"line":170,"column":28},"end":{"line":220,"column":null}},"line":170},"16":{"name":"(anonymous_16)","decl":{"start":{"line":208,"column":14},"end":{"line":208,"column":15}},"loc":{"start":{"line":208,"column":20},"end":{"line":208,"column":41}},"line":208},"17":{"name":"(anonymous_17)","decl":{"start":{"line":212,"column":14},"end":{"line":212,"column":15}},"loc":{"start":{"line":212,"column":20},"end":{"line":212,"column":43}},"line":212},"18":{"name":"(anonymous_18)","decl":{"start":{"line":215,"column":46},"end":{"line":215,"column":47}},"loc":{"start":{"line":215,"column":52},"end":{"line":215,"column":79}},"line":215},"19":{"name":"(anonymous_19)","decl":{"start":{"line":216,"column":50},"end":{"line":216,"column":51}},"loc":{"start":{"line":216,"column":56},"end":{"line":216,"column":78}},"line":216},"20":{"name":"checkLowStockAlerts","decl":{"start":{"line":222,"column":9},"end":{"line":222,"column":28}},"loc":{"start":{"line":222,"column":33},"end":{"line":244,"column":null}},"line":222},"21":{"name":"(anonymous_21)","decl":{"start":{"line":234,"column":15},"end":{"line":234,"column":16}},"loc":{"start":{"line":234,"column":24},"end":{"line":243,"column":3}},"line":234}},"branchMap":{"0":{"loc":{"start":{"line":18,"column":2},"end":{"line":18,"column":null}},"type":"if","locations":[{"start":{"line":18,"column":2},"end":{"line":18,"column":null}},{"start":{},"end":{}}],"line":18},"1":{"loc":{"start":{"line":26,"column":2},"end":{"line":26,"column":null}},"type":"if","locations":[{"start":{"line":26,"column":2},"end":{"line":26,"column":null}},{"start":{},"end":{}}],"line":26},"2":{"loc":{"start":{"line":48,"column":4},"end":{"line":51,"column":null}},"type":"if","locations":[{"start":{"line":48,"column":4},"end":{"line":51,"column":null}},{"start":{},"end":{}}],"line":48},"3":{"loc":{"start":{"line":67,"column":8},"end":{"line":67,"column":null}},"type":"if","locations":[{"start":{"line":67,"column":8},"end":{"line":67,"column":null}},{"start":{},"end":{}}],"line":67},"4":{"loc":{"start":{"line":111,"column":2},"end":{"line":113,"column":null}},"type":"if","locations":[{"start":{"line":111,"column":2},"end":{"line":113,"column":null}},{"start":{},"end":{}}],"line":111},"5":{"loc":{"start":{"line":139,"column":6},"end":{"line":139,"column":35}},"type":"binary-expr","locations":[{"start":{"line":139,"column":6},"end":{"line":139,"column":30}},{"start":{"line":139,"column":34},"end":{"line":139,"column":35}}],"line":139},"6":{"loc":{"start":{"line":140,"column":6},"end":{"line":140,"column":29}},"type":"binary-expr","locations":[{"start":{"line":140,"column":6},"end":{"line":140,"column":24}},{"start":{"line":140,"column":28},"end":{"line":140,"column":29}}],"line":140},"7":{"loc":{"start":{"line":141,"column":6},"end":{"line":141,"column":33}},"type":"binary-expr","locations":[{"start":{"line":141,"column":6},"end":{"line":141,"column":28}},{"start":{"line":141,"column":32},"end":{"line":141,"column":33}}],"line":141},"8":{"loc":{"start":{"line":142,"column":6},"end":{"line":142,"column":null}},"type":"binary-expr","locations":[{"start":{"line":142,"column":6},"end":{"line":142,"column":32}},{"start":{"line":142,"column":36},"end":{"line":142,"column":null}}],"line":142},"9":{"loc":{"start":{"line":159,"column":4},"end":{"line":166,"column":null}},"type":"if","locations":[{"start":{"line":159,"column":4},"end":{"line":166,"column":null}},{"start":{},"end":{}}],"line":159}},"s":{"0":1,"1":1,"2":1,"3":5,"4":0,"5":0,"6":0,"7":0,"8":0,"9":0,"10":0,"11":0,"12":0,"13":0,"14":0,"15":0,"16":0,"17":0,"18":0,"19":0,"20":0,"21":0,"22":0,"23":0,"24":0,"25":5,"26":5,"27":5,"28":5,"29":5,"30":5,"31":5,"32":2,"33":2,"34":2,"35":1,"36":1,"37":1,"38":1,"39":1,"40":0,"41":1,"42":13,"43":13,"44":13,"45":13,"46":107,"47":107,"48":13,"49":7,"50":0,"51":0,"52":0,"53":0,"54":0,"55":0,"56":0,"57":0,"58":0,"59":0,"60":0,"61":0,"62":0,"63":0,"64":0,"65":0,"66":0,"67":0,"68":0,"69":0,"70":0,"71":0,"72":0,"73":0,"74":0,"75":0,"76":11,"77":11,"78":11,"79":108,"80":1},"f":{"0":5,"1":0,"2":0,"3":0,"4":0,"5":0,"6":0,"7":5,"8":2,"9":13,"10":107,"11":0,"12":0,"13":0,"14":0,"15":0,"16":0,"17":0,"18":0,"19":0,"20":11,"21":108},"b":{"0":[0,5],"1":[0,0],"2":[0,0],"3":[1,1],"4":[7,6],"5":[0,0],"6":[0,0],"7":[0,0],"8":[0,0],"9":[0,0]},"meta":{"lastBranch":10,"lastFunction":22,"lastStatement":81,"seen":{"s:12:13:12:28":0,"s:13:11:13:24":1,"s:15:17:15:53":2,"f:17:9:17:18":0,"b:18:2:18:Infinity:undefined:undefined:undefined:undefined":0,"s:18:2:18:Infinity":3,"s:18:27:18:Infinity":4,"f:22:9:22:16":1,"s:23:14:23:24":5,"s:24:15:24:28":6,"s:25:2:25:Infinity":7,"b:26:2:26:Infinity:undefined:undefined:undefined:undefined":1,"s:26:2:26:Infinity":8,"s:26:19:26:Infinity":9,"s:27:2:27:Infinity":10,"f:31:9:31:16":2,"f:32:11:32:23":3,"s:33:18:33:39":11,"s:34:4:34:Infinity":12,"s:35:4:39:Infinity":13,"f:35:15:35:20":4,"s:36:6:36:Infinity":14,"s:37:6:37:Infinity":15,"s:37:12:37:23":16,"s:37:40:37:94":17,"s:38:6:38:Infinity":18,"s:41:2:41:Infinity":19,"f:45:9:45:28":5,"f:46:11:46:16":6,"s:47:16:47:26":20,"b:48:4:51:Infinity:undefined:undefined:undefined:undefined":2,"s:48:4:51:Infinity":21,"s:49:24:49:74":22,"s:50:6:50:Infinity":23,"s:53:2:53:Infinity":24,"f:56:9:56:29":7,"s:57:2:78:Infinity":25,"s:58:4:58:Infinity":26,"s:59:21:59:51":27,"s:60:22:60:46":28,"s:61:20:61:71":29,"s:63:19:63:135":30,"s:64:4:75:Infinity":31,"f:64:19:64:20":8,"s:65:6:74:Infinity":32,"s:66:25:66:104":33,"b:67:8:67:Infinity:undefined:undefined:undefined:undefined":3,"s:67:8:67:Infinity":34,"s:67:37:67:Infinity":35,"s:68:36:68:53":36,"s:69:20:69:70":37,"s:70:8:70:Infinity":38,"s:71:8:71:Infinity":39,"s:73:8:73:Infinity":40,"s:77:4:77:Infinity":41,"f:81:9:81:26":9,"s:82:16:82:53":42,"s:83:18:83:80":43,"s:85:19:95:24":44,"s:97:2:109:Infinity":45,"f:97:19:97:20":10,"s:98:21:98:88":46,"s:99:4:108:Infinity":47,"b:111:2:113:Infinity:undefined:undefined:undefined:undefined":4,"s:111:2:113:Infinity":48,"s:112:4:112:Infinity":49,"f:117:9:117:27":11,"s:118:16:118:53":50,"s:119:17:119:69":51,"s:121:2:144:Infinity":52,"f:121:17:121:18":12,"s:122:19:131:17":53,"s:133:4:143:Infinity":54,"b:139:6:139:30:139:34:139:35":5,"b:140:6:140:24:140:28:140:29":6,"b:141:6:141:28:141:32:141:33":7,"b:142:6:142:32:142:36:142:Infinity":8,"s:146:2:146:Infinity":55,"f:150:9:150:32":13,"s:151:16:151:53":56,"s:152:17:152:97":57,"s:154:2:167:Infinity":58,"f:154:17:154:18":14,"s:155:19:157:23":59,"b:159:4:166:Infinity:undefined:undefined:undefined:undefined":9,"s:159:4:166:Infinity":60,"s:160:6:160:Infinity":61,"s:161:6:165:Infinity":62,"f:170:9:170:23":15,"s:172:2:204:Infinity":63,"s:207:2:207:Infinity":64,"s:208:2:208:Infinity":65,"f:208:14:208:15":16,"s:208:20:208:41":66,"s:211:2:211:Infinity":67,"s:212:2:212:Infinity":68,"f:212:14:212:15":17,"s:212:20:212:43":69,"s:215:2:215:Infinity":70,"f:215:46:215:47":18,"s:215:52:215:79":71,"s:216:2:216:Infinity":72,"f:216:50:216:51":19,"s:216:56:216:78":73,"s:217:2:217:Infinity":74,"s:219:2:219:Infinity":75,"f:222:9:222:28":20,"s:223:16:223:53":76,"s:224:15:232:15":77,"s:234:2:243:Infinity":78,"f:234:15:234:16":21,"s:235:4:242:Infinity":79,"s:246:0:246:Infinity":80}}}
,"/home/jose/Universidade/3Ano/2Sem/LI4/TP/LI4-TP-2526/FlashStore/server/syncPush.js": {"path":"/home/jose/Universidade/3Ano/2Sem/LI4/TP/LI4-TP-2526/FlashStore/server/syncPush.js","statementMap":{"0":{"start":{"line":6,"column":2},"end":{"line":10,"column":null}},"1":{"start":{"line":7,"column":16},"end":{"line":7,"column":55}},"2":{"start":{"line":8,"column":4},"end":{"line":8,"column":null}},"3":{"start":{"line":9,"column":4},"end":{"line":9,"column":null}},"4":{"start":{"line":11,"column":2},"end":{"line":15,"column":null}},"5":{"start":{"line":12,"column":16},"end":{"line":12,"column":80}},"6":{"start":{"line":13,"column":4},"end":{"line":13,"column":null}},"7":{"start":{"line":14,"column":4},"end":{"line":14,"column":null}},"8":{"start":{"line":19,"column":2},"end":{"line":19,"column":null}},"9":{"start":{"line":19,"column":23},"end":{"line":19,"column":null}},"10":{"start":{"line":20,"column":13},"end":{"line":20,"column":89}},"11":{"start":{"line":21,"column":2},"end":{"line":21,"column":null}},"12":{"start":{"line":25,"column":15},"end":{"line":25,"column":86}},"13":{"start":{"line":26,"column":2},"end":{"line":26,"column":null}},"14":{"start":{"line":26,"column":12},"end":{"line":26,"column":null}},"15":{"start":{"line":28,"column":2},"end":{"line":33,"column":null}},"16":{"start":{"line":29,"column":19},"end":{"line":31,"column":29}},"17":{"start":{"line":32,"column":4},"end":{"line":32,"column":null}},"18":{"start":{"line":32,"column":16},"end":{"line":32,"column":null}},"19":{"start":{"line":35,"column":14},"end":{"line":38,"column":3}},"20":{"start":{"line":39,"column":2},"end":{"line":39,"column":null}},"21":{"start":{"line":40,"column":2},"end":{"line":40,"column":null}},"22":{"start":{"line":44,"column":20},"end":{"line":44,"column":53}},"23":{"start":{"line":45,"column":14},"end":{"line":45,"column":27}},"24":{"start":{"line":46,"column":20},"end":{"line":46,"column":41}},"25":{"start":{"line":48,"column":2},"end":{"line":59,"column":null}},"26":{"start":{"line":49,"column":4},"end":{"line":58,"column":null}},"27":{"start":{"line":50,"column":6},"end":{"line":55,"column":null}},"28":{"start":{"line":61,"column":2},"end":{"line":90,"column":null}},"29":{"start":{"line":62,"column":4},"end":{"line":67,"column":null}},"30":{"start":{"line":70,"column":6},"end":{"line":70,"column":92}},"31":{"start":{"line":71,"column":21},"end":{"line":79,"column":28}},"32":{"start":{"line":80,"column":4},"end":{"line":88,"column":null}},"33":{"start":{"line":81,"column":6},"end":{"line":87,"column":null}},"34":{"start":{"line":89,"column":4},"end":{"line":89,"column":null}},"35":{"start":{"line":94,"column":30},"end":{"line":94,"column":37}},"36":{"start":{"line":95,"column":119},"end":{"line":95,"column":126}},"37":{"start":{"line":97,"column":2},"end":{"line":97,"column":null}},"38":{"start":{"line":99,"column":18},"end":{"line":99,"column":39}},"39":{"start":{"line":100,"column":19},"end":{"line":100,"column":88}},"40":{"start":{"line":101,"column":2},"end":{"line":101,"column":null}},"41":{"start":{"line":101,"column":16},"end":{"line":101,"column":null}},"42":{"start":{"line":103,"column":14},"end":{"line":103,"column":54}},"43":{"start":{"line":104,"column":15},"end":{"line":104,"column":45}},"44":{"start":{"line":106,"column":19},"end":{"line":108,"column":10}},"45":{"start":{"line":109,"column":18},"end":{"line":109,"column":59}},"46":{"start":{"line":111,"column":2},"end":{"line":120,"column":null}},"47":{"start":{"line":122,"column":2},"end":{"line":122,"column":null}},"48":{"start":{"line":123,"column":2},"end":{"line":123,"column":null}},"49":{"start":{"line":127,"column":23},"end":{"line":127,"column":30}},"50":{"start":{"line":128,"column":62},"end":{"line":128,"column":69}},"51":{"start":{"line":130,"column":2},"end":{"line":130,"column":null}},"52":{"start":{"line":132,"column":16},"end":{"line":132,"column":85}},"53":{"start":{"line":133,"column":2},"end":{"line":137,"column":null}},"54":{"start":{"line":134,"column":16},"end":{"line":134,"column":82}},"55":{"start":{"line":135,"column":4},"end":{"line":135,"column":null}},"56":{"start":{"line":136,"column":4},"end":{"line":136,"column":null}},"57":{"start":{"line":138,"column":2},"end":{"line":138,"column":null}},"58":{"start":{"line":138,"column":31},"end":{"line":138,"column":null}},"59":{"start":{"line":140,"column":14},"end":{"line":140,"column":51}},"60":{"start":{"line":141,"column":2},"end":{"line":145,"column":null}},"61":{"start":{"line":147,"column":2},"end":{"line":147,"column":null}},"62":{"start":{"line":148,"column":2},"end":{"line":148,"column":null}},"63":{"start":{"line":158,"column":6},"end":{"line":158,"column":13}},"64":{"start":{"line":160,"column":13},"end":{"line":160,"column":23}},"65":{"start":{"line":161,"column":2},"end":{"line":165,"column":null}},"66":{"start":{"line":162,"column":16},"end":{"line":162,"column":66}},"67":{"start":{"line":163,"column":4},"end":{"line":163,"column":null}},"68":{"start":{"line":164,"column":4},"end":{"line":164,"column":null}},"69":{"start":{"line":167,"column":19},"end":{"line":167,"column":74}},"70":{"start":{"line":168,"column":2},"end":{"line":170,"column":null}},"71":{"start":{"line":169,"column":4},"end":{"line":169,"column":null}},"72":{"start":{"line":188,"column":6},"end":{"line":188,"column":13}},"73":{"start":{"line":190,"column":2},"end":{"line":194,"column":null}},"74":{"start":{"line":191,"column":16},"end":{"line":191,"column":57}},"75":{"start":{"line":192,"column":4},"end":{"line":192,"column":null}},"76":{"start":{"line":193,"column":4},"end":{"line":193,"column":null}},"77":{"start":{"line":196,"column":2},"end":{"line":196,"column":null}},"78":{"start":{"line":198,"column":19},"end":{"line":198,"column":80}},"79":{"start":{"line":199,"column":2},"end":{"line":199,"column":null}},"80":{"start":{"line":201,"column":14},"end":{"line":201,"column":54}},"81":{"start":{"line":202,"column":14},"end":{"line":202,"column":55}},"82":{"start":{"line":203,"column":21},"end":{"line":203,"column":62}},"83":{"start":{"line":204,"column":18},"end":{"line":204,"column":54}},"84":{"start":{"line":206,"column":18},"end":{"line":283,"column":6}},"85":{"start":{"line":207,"column":4},"end":{"line":232,"column":null}},"86":{"start":{"line":234,"column":23},"end":{"line":237,"column":6}},"87":{"start":{"line":238,"column":22},"end":{"line":238,"column":24}},"88":{"start":{"line":240,"column":4},"end":{"line":276,"column":null}},"89":{"start":{"line":241,"column":31},"end":{"line":241,"column":64}},"90":{"start":{"line":242,"column":26},"end":{"line":242,"column":84}},"91":{"start":{"line":244,"column":6},"end":{"line":275,"column":null}},"92":{"start":{"line":245,"column":29},"end":{"line":245,"column":87}},"93":{"start":{"line":246,"column":21},"end":{"line":255,"column":9}},"94":{"start":{"line":257,"column":8},"end":{"line":269,"column":null}},"95":{"start":{"line":271,"column":8},"end":{"line":272,"column":null}},"96":{"start":{"line":274,"column":8},"end":{"line":274,"column":null}},"97":{"start":{"line":278,"column":17},"end":{"line":278,"column":71}},"98":{"start":{"line":279,"column":24},"end":{"line":279,"column":68}},"99":{"start":{"line":280,"column":4},"end":{"line":280,"column":null}},"100":{"start":{"line":282,"column":4},"end":{"line":282,"column":null}},"101":{"start":{"line":285,"column":2},"end":{"line":297,"column":null}},"102":{"start":{"line":299,"column":2},"end":{"line":299,"column":null}},"103":{"start":{"line":303,"column":32},"end":{"line":303,"column":36}},"104":{"start":{"line":304,"column":2},"end":{"line":308,"column":null}},"105":{"start":{"line":305,"column":16},"end":{"line":305,"column":64}},"106":{"start":{"line":306,"column":4},"end":{"line":306,"column":null}},"107":{"start":{"line":307,"column":4},"end":{"line":307,"column":null}},"108":{"start":{"line":310,"column":2},"end":{"line":310,"column":null}},"109":{"start":{"line":312,"column":18},"end":{"line":312,"column":20}},"110":{"start":{"line":313,"column":19},"end":{"line":313,"column":21}},"111":{"start":{"line":314,"column":16},"end":{"line":314,"column":45}},"112":{"start":{"line":316,"column":2},"end":{"line":356,"column":null}},"113":{"start":{"line":317,"column":21},"end":{"line":317,"column":42}},"114":{"start":{"line":318,"column":22},"end":{"line":318,"column":34}},"115":{"start":{"line":319,"column":20},"end":{"line":319,"column":49}},"116":{"start":{"line":321,"column":4},"end":{"line":355,"column":null}},"117":{"start":{"line":322,"column":21},"end":{"line":322,"column":80}},"118":{"start":{"line":324,"column":6},"end":{"line":347,"column":null}},"119":{"start":{"line":325,"column":26},"end":{"line":325,"column":48}},"120":{"start":{"line":326,"column":8},"end":{"line":329,"column":null}},"121":{"start":{"line":327,"column":10},"end":{"line":327,"column":null}},"122":{"start":{"line":328,"column":10},"end":{"line":328,"column":null}},"123":{"start":{"line":330,"column":8},"end":{"line":333,"column":null}},"124":{"start":{"line":331,"column":10},"end":{"line":331,"column":null}},"125":{"start":{"line":332,"column":10},"end":{"line":332,"column":null}},"126":{"start":{"line":334,"column":24},"end":{"line":334,"column":67}},"127":{"start":{"line":335,"column":8},"end":{"line":335,"column":null}},"128":{"start":{"line":337,"column":13},"end":{"line":347,"column":null}},"129":{"start":{"line":338,"column":24},"end":{"line":338,"column":73}},"130":{"start":{"line":339,"column":8},"end":{"line":339,"column":null}},"131":{"start":{"line":341,"column":13},"end":{"line":347,"column":null}},"132":{"start":{"line":342,"column":24},"end":{"line":342,"column":74}},"133":{"start":{"line":343,"column":8},"end":{"line":343,"column":null}},"134":{"start":{"line":346,"column":8},"end":{"line":346,"column":null}},"135":{"start":{"line":349,"column":6},"end":{"line":354,"column":null}},"136":{"start":{"line":358,"column":17},"end":{"line":358,"column":68}},"137":{"start":{"line":358,"column":39},"end":{"line":358,"column":60}},"138":{"start":{"line":359,"column":17},"end":{"line":359,"column":68}},"139":{"start":{"line":359,"column":39},"end":{"line":359,"column":60}},"140":{"start":{"line":361,"column":2},"end":{"line":368,"column":null}},"141":{"start":{"line":371,"column":0},"end":{"line":371,"column":null}}},"fnMap":{"0":{"name":"assertStoreAccess","decl":{"start":{"line":5,"column":9},"end":{"line":5,"column":26}},"loc":{"start":{"line":5,"column":39},"end":{"line":16,"column":null}},"line":5},"1":{"name":"resolveShiftId","decl":{"start":{"line":18,"column":9},"end":{"line":18,"column":23}},"loc":{"start":{"line":18,"column":44},"end":{"line":22,"column":null}},"line":18},"2":{"name":"resolveCentralProductId","decl":{"start":{"line":24,"column":9},"end":{"line":24,"column":32}},"loc":{"start":{"line":24,"column":43},"end":{"line":41,"column":null}},"line":24},"3":{"name":"allocateForSyncItem","decl":{"start":{"line":43,"column":9},"end":{"line":43,"column":28}},"loc":{"start":{"line":43,"column":68},"end":{"line":91,"column":null}},"line":43},"4":{"name":"processShiftOpen","decl":{"start":{"line":93,"column":9},"end":{"line":93,"column":25}},"loc":{"start":{"line":93,"column":63},"end":{"line":124,"column":null}},"line":93},"5":{"name":"processShiftClose","decl":{"start":{"line":126,"column":9},"end":{"line":126,"column":26}},"loc":{"start":{"line":126,"column":64},"end":{"line":149,"column":null}},"line":126},"6":{"name":"processSaleCreate","decl":{"start":{"line":151,"column":9},"end":{"line":151,"column":26}},"loc":{"start":{"line":151,"column":54},"end":{"line":300,"column":null}},"line":151},"7":{"name":"(anonymous_7)","decl":{"start":{"line":206,"column":33},"end":{"line":206,"column":34}},"loc":{"start":{"line":206,"column":39},"end":{"line":283,"column":3}},"line":206},"8":{"name":"processSyncPush","decl":{"start":{"line":302,"column":9},"end":{"line":302,"column":24}},"loc":{"start":{"line":302,"column":49},"end":{"line":369,"column":null}},"line":302},"9":{"name":"(anonymous_9)","decl":{"start":{"line":358,"column":32},"end":{"line":358,"column":33}},"loc":{"start":{"line":358,"column":39},"end":{"line":358,"column":60}},"line":358},"10":{"name":"(anonymous_10)","decl":{"start":{"line":359,"column":32},"end":{"line":359,"column":33}},"loc":{"start":{"line":359,"column":39},"end":{"line":359,"column":60}},"line":359}},"branchMap":{"0":{"loc":{"start":{"line":6,"column":2},"end":{"line":10,"column":null}},"type":"if","locations":[{"start":{"line":6,"column":2},"end":{"line":10,"column":null}},{"start":{},"end":{}}],"line":6},"1":{"loc":{"start":{"line":11,"column":2},"end":{"line":15,"column":null}},"type":"if","locations":[{"start":{"line":11,"column":2},"end":{"line":15,"column":null}},{"start":{},"end":{}}],"line":11},"2":{"loc":{"start":{"line":11,"column":6},"end":{"line":11,"column":61}},"type":"binary-expr","locations":[{"start":{"line":11,"column":6},"end":{"line":11,"column":33}},{"start":{"line":11,"column":37},"end":{"line":11,"column":61}}],"line":11},"3":{"loc":{"start":{"line":19,"column":2},"end":{"line":19,"column":null}},"type":"if","locations":[{"start":{"line":19,"column":2},"end":{"line":19,"column":null}},{"start":{},"end":{}}],"line":19},"4":{"loc":{"start":{"line":21,"column":9},"end":{"line":21,"column":35}},"type":"cond-expr","locations":[{"start":{"line":21,"column":14},"end":{"line":21,"column":28}},{"start":{"line":21,"column":31},"end":{"line":21,"column":35}}],"line":21},"5":{"loc":{"start":{"line":26,"column":2},"end":{"line":26,"column":null}},"type":"if","locations":[{"start":{"line":26,"column":2},"end":{"line":26,"column":null}},{"start":{},"end":{}}],"line":26},"6":{"loc":{"start":{"line":28,"column":2},"end":{"line":33,"column":null}},"type":"if","locations":[{"start":{"line":28,"column":2},"end":{"line":33,"column":null}},{"start":{},"end":{}}],"line":28},"7":{"loc":{"start":{"line":32,"column":4},"end":{"line":32,"column":null}},"type":"if","locations":[{"start":{"line":32,"column":4},"end":{"line":32,"column":null}},{"start":{},"end":{}}],"line":32},"8":{"loc":{"start":{"line":36,"column":16},"end":{"line":36,"column":52}},"type":"binary-expr","locations":[{"start":{"line":36,"column":16},"end":{"line":36,"column":33}},{"start":{"line":36,"column":37},"end":{"line":36,"column":52}}],"line":36},"9":{"loc":{"start":{"line":46,"column":20},"end":{"line":46,"column":41}},"type":"binary-expr","locations":[{"start":{"line":46,"column":20},"end":{"line":46,"column":33}},{"start":{"line":46,"column":37},"end":{"line":46,"column":41}}],"line":46},"10":{"loc":{"start":{"line":48,"column":2},"end":{"line":59,"column":null}},"type":"if","locations":[{"start":{"line":48,"column":2},"end":{"line":59,"column":null}},{"start":{},"end":{}}],"line":48},"11":{"loc":{"start":{"line":70,"column":6},"end":{"line":70,"column":92}},"type":"binary-expr","locations":[{"start":{"line":70,"column":6},"end":{"line":70,"column":79}},{"start":{"line":70,"column":83},"end":{"line":70,"column":92}}],"line":70},"12":{"loc":{"start":{"line":80,"column":4},"end":{"line":88,"column":null}},"type":"if","locations":[{"start":{"line":80,"column":4},"end":{"line":88,"column":null}},{"start":{},"end":{}}],"line":80},"13":{"loc":{"start":{"line":80,"column":15},"end":{"line":80,"column":31}},"type":"binary-expr","locations":[{"start":{"line":80,"column":15},"end":{"line":80,"column":26}},{"start":{"line":80,"column":30},"end":{"line":80,"column":31}}],"line":80},"14":{"loc":{"start":{"line":97,"column":25},"end":{"line":97,"column":42}},"type":"binary-expr","locations":[{"start":{"line":97,"column":25},"end":{"line":97,"column":30}},{"start":{"line":97,"column":34},"end":{"line":97,"column":42}}],"line":97},"15":{"loc":{"start":{"line":99,"column":18},"end":{"line":99,"column":39}},"type":"binary-expr","locations":[{"start":{"line":99,"column":18},"end":{"line":99,"column":20}},{"start":{"line":99,"column":24},"end":{"line":99,"column":39}}],"line":99},"16":{"loc":{"start":{"line":101,"column":2},"end":{"line":101,"column":null}},"type":"if","locations":[{"start":{"line":101,"column":2},"end":{"line":101,"column":null}},{"start":{},"end":{}}],"line":101},"17":{"loc":{"start":{"line":103,"column":14},"end":{"line":103,"column":54}},"type":"binary-expr","locations":[{"start":{"line":103,"column":14},"end":{"line":103,"column":26}},{"start":{"line":103,"column":30},"end":{"line":103,"column":54}}],"line":103},"18":{"loc":{"start":{"line":104,"column":15},"end":{"line":104,"column":45}},"type":"binary-expr","locations":[{"start":{"line":104,"column":15},"end":{"line":104,"column":25}},{"start":{"line":104,"column":29},"end":{"line":104,"column":45}}],"line":104},"19":{"loc":{"start":{"line":106,"column":19},"end":{"line":108,"column":10}},"type":"cond-expr","locations":[{"start":{"line":107,"column":6},"end":{"line":107,"column":null}},{"start":{"line":108,"column":6},"end":{"line":108,"column":10}}],"line":106},"20":{"loc":{"start":{"line":109,"column":18},"end":{"line":109,"column":59}},"type":"binary-expr","locations":[{"start":{"line":109,"column":18},"end":{"line":109,"column":32}},{"start":{"line":109,"column":36},"end":{"line":109,"column":51}},{"start":{"line":109,"column":55},"end":{"line":109,"column":59}}],"line":109},"21":{"loc":{"start":{"line":117,"column":13},"end":{"line":117,"column":30}},"type":"binary-expr","locations":[{"start":{"line":117,"column":13},"end":{"line":117,"column":18}},{"start":{"line":117,"column":22},"end":{"line":117,"column":30}}],"line":117},"22":{"loc":{"start":{"line":117,"column":41},"end":{"line":117,"column":72}},"type":"binary-expr","locations":[{"start":{"line":117,"column":41},"end":{"line":117,"column":54}},{"start":{"line":117,"column":58},"end":{"line":117,"column":72}}],"line":117},"23":{"loc":{"start":{"line":118,"column":4},"end":{"line":118,"column":22}},"type":"binary-expr","locations":[{"start":{"line":118,"column":4},"end":{"line":118,"column":16}},{"start":{"line":118,"column":20},"end":{"line":118,"column":22}}],"line":118},"24":{"loc":{"start":{"line":119,"column":11},"end":{"line":119,"column":37}},"type":"binary-expr","locations":[{"start":{"line":119,"column":11},"end":{"line":119,"column":32}},{"start":{"line":119,"column":36},"end":{"line":119,"column":37}}],"line":119},"25":{"loc":{"start":{"line":130,"column":25},"end":{"line":130,"column":42}},"type":"binary-expr","locations":[{"start":{"line":130,"column":25},"end":{"line":130,"column":30}},{"start":{"line":130,"column":34},"end":{"line":130,"column":42}}],"line":130},"26":{"loc":{"start":{"line":133,"column":2},"end":{"line":137,"column":null}},"type":"if","locations":[{"start":{"line":133,"column":2},"end":{"line":137,"column":null}},{"start":{},"end":{}}],"line":133},"27":{"loc":{"start":{"line":138,"column":2},"end":{"line":138,"column":null}},"type":"if","locations":[{"start":{"line":138,"column":2},"end":{"line":138,"column":null}},{"start":{},"end":{}}],"line":138},"28":{"loc":{"start":{"line":140,"column":14},"end":{"line":140,"column":51}},"type":"binary-expr","locations":[{"start":{"line":140,"column":14},"end":{"line":140,"column":23}},{"start":{"line":140,"column":27},"end":{"line":140,"column":51}}],"line":140},"29":{"loc":{"start":{"line":145,"column":35},"end":{"line":145,"column":52}},"type":"binary-expr","locations":[{"start":{"line":145,"column":35},"end":{"line":145,"column":47}},{"start":{"line":145,"column":51},"end":{"line":145,"column":52}}],"line":145},"30":{"loc":{"start":{"line":145,"column":55},"end":{"line":145,"column":66}},"type":"binary-expr","locations":[{"start":{"line":145,"column":55},"end":{"line":145,"column":60}},{"start":{"line":145,"column":64},"end":{"line":145,"column":66}}],"line":145},"31":{"loc":{"start":{"line":161,"column":2},"end":{"line":165,"column":null}},"type":"if","locations":[{"start":{"line":161,"column":2},"end":{"line":165,"column":null}},{"start":{},"end":{}}],"line":161},"32":{"loc":{"start":{"line":168,"column":2},"end":{"line":170,"column":null}},"type":"if","locations":[{"start":{"line":168,"column":2},"end":{"line":170,"column":null}},{"start":{},"end":{}}],"line":168},"33":{"loc":{"start":{"line":186,"column":4},"end":{"line":186,"column":24}},"type":"default-arg","locations":[{"start":{"line":186,"column":13},"end":{"line":186,"column":24}}],"line":186},"34":{"loc":{"start":{"line":190,"column":2},"end":{"line":194,"column":null}},"type":"if","locations":[{"start":{"line":190,"column":2},"end":{"line":194,"column":null}},{"start":{},"end":{}}],"line":190},"35":{"loc":{"start":{"line":190,"column":6},"end":{"line":190,"column":66}},"type":"binary-expr","locations":[{"start":{"line":190,"column":6},"end":{"line":190,"column":12}},{"start":{"line":190,"column":16},"end":{"line":190,"column":30}},{"start":{"line":190,"column":34},"end":{"line":190,"column":47}},{"start":{"line":190,"column":51},"end":{"line":190,"column":66}}],"line":190},"36":{"loc":{"start":{"line":198,"column":26},"end":{"line":198,"column":66}},"type":"binary-expr","locations":[{"start":{"line":198,"column":26},"end":{"line":198,"column":38}},{"start":{"line":198,"column":42},"end":{"line":198,"column":66}}],"line":198},"37":{"loc":{"start":{"line":201,"column":14},"end":{"line":201,"column":54}},"type":"binary-expr","locations":[{"start":{"line":201,"column":14},"end":{"line":201,"column":26}},{"start":{"line":201,"column":30},"end":{"line":201,"column":54}}],"line":201},"38":{"loc":{"start":{"line":202,"column":14},"end":{"line":202,"column":55}},"type":"binary-expr","locations":[{"start":{"line":202,"column":14},"end":{"line":202,"column":28}},{"start":{"line":202,"column":32},"end":{"line":202,"column":55}}],"line":202},"39":{"loc":{"start":{"line":203,"column":21},"end":{"line":203,"column":62}},"type":"binary-expr","locations":[{"start":{"line":203,"column":21},"end":{"line":203,"column":35}},{"start":{"line":203,"column":39},"end":{"line":203,"column":62}}],"line":203},"40":{"loc":{"start":{"line":218,"column":6},"end":{"line":218,"column":20}},"type":"binary-expr","locations":[{"start":{"line":218,"column":6},"end":{"line":218,"column":15}},{"start":{"line":218,"column":19},"end":{"line":218,"column":20}}],"line":218},"41":{"loc":{"start":{"line":220,"column":6},"end":{"line":220,"column":26}},"type":"binary-expr","locations":[{"start":{"line":220,"column":6},"end":{"line":220,"column":17}},{"start":{"line":220,"column":21},"end":{"line":220,"column":26}}],"line":220},"42":{"loc":{"start":{"line":221,"column":6},"end":{"line":221,"column":23}},"type":"binary-expr","locations":[{"start":{"line":221,"column":6},"end":{"line":221,"column":18}},{"start":{"line":221,"column":22},"end":{"line":221,"column":23}}],"line":221},"43":{"loc":{"start":{"line":222,"column":6},"end":{"line":222,"column":24}},"type":"binary-expr","locations":[{"start":{"line":222,"column":6},"end":{"line":222,"column":18}},{"start":{"line":222,"column":22},"end":{"line":222,"column":24}}],"line":222},"44":{"loc":{"start":{"line":223,"column":6},"end":{"line":223,"column":25}},"type":"binary-expr","locations":[{"start":{"line":223,"column":6},"end":{"line":223,"column":19}},{"start":{"line":223,"column":23},"end":{"line":223,"column":25}}],"line":223},"45":{"loc":{"start":{"line":224,"column":6},"end":{"line":224,"column":24}},"type":"binary-expr","locations":[{"start":{"line":224,"column":6},"end":{"line":224,"column":18}},{"start":{"line":224,"column":22},"end":{"line":224,"column":24}}],"line":224},"46":{"loc":{"start":{"line":245,"column":66},"end":{"line":245,"column":86}},"type":"binary-expr","locations":[{"start":{"line":245,"column":66},"end":{"line":245,"column":81}},{"start":{"line":245,"column":85},"end":{"line":245,"column":86}}],"line":245},"47":{"loc":{"start":{"line":254,"column":20},"end":{"line":254,"column":39}},"type":"binary-expr","locations":[{"start":{"line":254,"column":20},"end":{"line":254,"column":33}},{"start":{"line":254,"column":37},"end":{"line":254,"column":39}}],"line":254},"48":{"loc":{"start":{"line":264,"column":10},"end":{"line":264,"column":29}},"type":"binary-expr","locations":[{"start":{"line":264,"column":10},"end":{"line":264,"column":23}},{"start":{"line":264,"column":27},"end":{"line":264,"column":29}}],"line":264},"49":{"loc":{"start":{"line":268,"column":10},"end":{"line":268,"column":null}},"type":"binary-expr","locations":[{"start":{"line":268,"column":10},"end":{"line":268,"column":36}},{"start":{"line":268,"column":40},"end":{"line":268,"column":null}}],"line":268},"50":{"loc":{"start":{"line":304,"column":2},"end":{"line":308,"column":null}},"type":"if","locations":[{"start":{"line":304,"column":2},"end":{"line":308,"column":null}},{"start":{},"end":{}}],"line":304},"51":{"loc":{"start":{"line":304,"column":6},"end":{"line":304,"column":59}},"type":"binary-expr","locations":[{"start":{"line":304,"column":6},"end":{"line":304,"column":32}},{"start":{"line":304,"column":36},"end":{"line":304,"column":59}}],"line":304},"52":{"loc":{"start":{"line":317,"column":21},"end":{"line":317,"column":42}},"type":"binary-expr","locations":[{"start":{"line":317,"column":21},"end":{"line":317,"column":33}},{"start":{"line":317,"column":37},"end":{"line":317,"column":42}}],"line":317},"53":{"loc":{"start":{"line":319,"column":20},"end":{"line":319,"column":49}},"type":"binary-expr","locations":[{"start":{"line":319,"column":20},"end":{"line":319,"column":30}},{"start":{"line":319,"column":34},"end":{"line":319,"column":49}}],"line":319},"54":{"loc":{"start":{"line":322,"column":21},"end":{"line":322,"column":80}},"type":"cond-expr","locations":[{"start":{"line":322,"column":51},"end":{"line":322,"column":70}},{"start":{"line":322,"column":73},"end":{"line":322,"column":80}}],"line":322},"55":{"loc":{"start":{"line":324,"column":6},"end":{"line":347,"column":null}},"type":"if","locations":[{"start":{"line":324,"column":6},"end":{"line":347,"column":null}},{"start":{"line":337,"column":13},"end":{"line":347,"column":null}}],"line":324},"56":{"loc":{"start":{"line":325,"column":26},"end":{"line":325,"column":48}},"type":"binary-expr","locations":[{"start":{"line":325,"column":26},"end":{"line":325,"column":39}},{"start":{"line":325,"column":43},"end":{"line":325,"column":48}}],"line":325},"57":{"loc":{"start":{"line":326,"column":8},"end":{"line":329,"column":null}},"type":"if","locations":[{"start":{"line":326,"column":8},"end":{"line":329,"column":null}},{"start":{},"end":{}}],"line":326},"58":{"loc":{"start":{"line":330,"column":8},"end":{"line":333,"column":null}},"type":"if","locations":[{"start":{"line":330,"column":8},"end":{"line":333,"column":null}},{"start":{},"end":{}}],"line":330},"59":{"loc":{"start":{"line":337,"column":13},"end":{"line":347,"column":null}},"type":"if","locations":[{"start":{"line":337,"column":13},"end":{"line":347,"column":null}},{"start":{"line":341,"column":13},"end":{"line":347,"column":null}}],"line":337},"60":{"loc":{"start":{"line":341,"column":13},"end":{"line":347,"column":null}},"type":"if","locations":[{"start":{"line":341,"column":13},"end":{"line":347,"column":null}},{"start":{"line":345,"column":13},"end":{"line":347,"column":null}}],"line":341},"61":{"loc":{"start":{"line":352,"column":15},"end":{"line":352,"column":51}},"type":"binary-expr","locations":[{"start":{"line":352,"column":15},"end":{"line":352,"column":26}},{"start":{"line":352,"column":30},"end":{"line":352,"column":51}}],"line":352},"62":{"loc":{"start":{"line":353,"column":21},"end":{"line":353,"column":38}},"type":"binary-expr","locations":[{"start":{"line":353,"column":21},"end":{"line":353,"column":31}},{"start":{"line":353,"column":35},"end":{"line":353,"column":38}}],"line":353}},"s":{"0":80,"1":0,"2":0,"3":0,"4":80,"5":1,"6":1,"7":1,"8":5,"9":5,"10":0,"11":0,"12":10,"13":10,"14":10,"15":0,"16":0,"17":0,"18":0,"19":0,"20":10,"21":10,"22":5,"23":5,"24":5,"25":5,"26":0,"27":0,"28":5,"29":5,"30":1,"31":1,"32":1,"33":0,"34":1,"35":54,"36":54,"37":54,"38":54,"39":54,"40":54,"41":0,"42":54,"43":54,"44":54,"45":54,"46":54,"47":54,"48":54,"49":3,"50":3,"51":3,"52":3,"53":3,"54":1,"55":1,"56":1,"57":2,"58":2,"59":2,"60":3,"61":3,"62":3,"63":7,"64":7,"65":7,"66":0,"67":0,"68":0,"69":7,"70":7,"71":1,"72":6,"73":6,"74":1,"75":1,"76":1,"77":5,"78":5,"79":7,"80":7,"81":7,"82":7,"83":7,"84":7,"85":5,"86":5,"87":5,"88":5,"89":5,"90":5,"91":5,"92":4,"93":4,"94":4,"95":4,"96":4,"97":4,"98":4,"99":4,"100":4,"101":7,"102":7,"103":19,"104":19,"105":1,"106":1,"107":1,"108":18,"109":18,"110":18,"111":18,"112":18,"113":67,"114":67,"115":67,"116":67,"117":67,"118":67,"119":8,"120":8,"121":0,"122":0,"123":8,"124":1,"125":1,"126":7,"127":7,"128":58,"129":54,"130":54,"131":4,"132":3,"133":3,"134":1,"135":4,"136":17,"137":67,"138":17,"139":67,"140":17,"141":1},"f":{"0":80,"1":5,"2":10,"3":5,"4":54,"5":3,"6":7,"7":5,"8":19,"9":67,"10":67},"b":{"0":[0,80],"1":[1,79],"2":[80,78],"3":[5,0],"4":[0,0],"5":[10,0],"6":[0,0],"7":[0,0],"8":[0,0],"9":[5,5],"10":[0,5],"11":[1,0],"12":[0,1],"13":[1,0],"14":[54,0],"15":[54,0],"16":[0,54],"17":[54,54],"18":[54,0],"19":[2,52],"20":[54,52,52],"21":[54,0],"22":[54,52],"23":[54,53],"24":[54,52],"25":[3,0],"26":[1,2],"27":[0,2],"28":[2,2],"29":[3,0],"30":[3,0],"31":[0,7],"32":[1,6],"33":[6],"34":[1,5],"35":[6,5,5,5],"36":[5,4],"37":[7,4],"38":[7,5],"39":[7,5],"40":[5,1],"41":[5,3],"42":[5,5],"43":[5,4],"44":[5,5],"45":[5,5],"46":[4,0],"47":[4,1],"48":[4,1],"49":[4,4],"50":[1,18],"51":[19,19],"52":[67,0],"53":[67,0],"54":[1,66],"55":[8,58],"56":[8,1],"57":[0,8],"58":[1,7],"59":[54,4],"60":[3,1],"61":[4,0],"62":[4,2]},"meta":{"lastBranch":63,"lastFunction":11,"lastStatement":142,"seen":{"f:5:9:5:26":0,"b:6:2:10:Infinity:undefined:undefined:undefined:undefined":0,"s:6:2:10:Infinity":0,"s:7:16:7:55":1,"s:8:4:8:Infinity":2,"s:9:4:9:Infinity":3,"b:11:2:15:Infinity:undefined:undefined:undefined:undefined":1,"s:11:2:15:Infinity":4,"b:11:6:11:33:11:37:11:61":2,"s:12:16:12:80":5,"s:13:4:13:Infinity":6,"s:14:4:14:Infinity":7,"f:18:9:18:23":1,"b:19:2:19:Infinity:undefined:undefined:undefined:undefined":3,"s:19:2:19:Infinity":8,"s:19:23:19:Infinity":9,"s:20:13:20:89":10,"s:21:2:21:Infinity":11,"b:21:14:21:28:21:31:21:35":4,"f:24:9:24:32":2,"s:25:15:25:86":12,"b:26:2:26:Infinity:undefined:undefined:undefined:undefined":5,"s:26:2:26:Infinity":13,"s:26:12:26:Infinity":14,"b:28:2:33:Infinity:undefined:undefined:undefined:undefined":6,"s:28:2:33:Infinity":15,"s:29:19:31:29":16,"b:32:4:32:Infinity:undefined:undefined:undefined:undefined":7,"s:32:4:32:Infinity":17,"s:32:16:32:Infinity":18,"s:35:14:38:3":19,"b:36:16:36:33:36:37:36:52":8,"s:39:2:39:Infinity":20,"s:40:2:40:Infinity":21,"f:43:9:43:28":3,"s:44:20:44:53":22,"s:45:14:45:27":23,"s:46:20:46:41":24,"b:46:20:46:33:46:37:46:41":9,"b:48:2:59:Infinity:undefined:undefined:undefined:undefined":10,"s:48:2:59:Infinity":25,"s:49:4:58:Infinity":26,"s:50:6:55:Infinity":27,"s:61:2:90:Infinity":28,"s:62:4:67:Infinity":29,"s:70:6:70:92":30,"b:70:6:70:79:70:83:70:92":11,"s:71:21:79:28":31,"b:80:4:88:Infinity:undefined:undefined:undefined:undefined":12,"s:80:4:88:Infinity":32,"b:80:15:80:26:80:30:80:31":13,"s:81:6:87:Infinity":33,"s:89:4:89:Infinity":34,"f:93:9:93:25":4,"s:94:30:94:37":35,"s:95:119:95:126":36,"s:97:2:97:Infinity":37,"b:97:25:97:30:97:34:97:42":14,"s:99:18:99:39":38,"b:99:18:99:20:99:24:99:39":15,"s:100:19:100:88":39,"b:101:2:101:Infinity:undefined:undefined:undefined:undefined":16,"s:101:2:101:Infinity":40,"s:101:16:101:Infinity":41,"s:103:14:103:54":42,"b:103:14:103:26:103:30:103:54":17,"s:104:15:104:45":43,"b:104:15:104:25:104:29:104:45":18,"s:106:19:108:10":44,"b:107:6:107:Infinity:108:6:108:10":19,"s:109:18:109:59":45,"b:109:18:109:32:109:36:109:51:109:55:109:59":20,"s:111:2:120:Infinity":46,"b:117:13:117:18:117:22:117:30":21,"b:117:41:117:54:117:58:117:72":22,"b:118:4:118:16:118:20:118:22":23,"b:119:11:119:32:119:36:119:37":24,"s:122:2:122:Infinity":47,"s:123:2:123:Infinity":48,"f:126:9:126:26":5,"s:127:23:127:30":49,"s:128:62:128:69":50,"s:130:2:130:Infinity":51,"b:130:25:130:30:130:34:130:42":25,"s:132:16:132:85":52,"b:133:2:137:Infinity:undefined:undefined:undefined:undefined":26,"s:133:2:137:Infinity":53,"s:134:16:134:82":54,"s:135:4:135:Infinity":55,"s:136:4:136:Infinity":56,"b:138:2:138:Infinity:undefined:undefined:undefined:undefined":27,"s:138:2:138:Infinity":57,"s:138:31:138:Infinity":58,"s:140:14:140:51":59,"b:140:14:140:23:140:27:140:51":28,"s:141:2:145:Infinity":60,"b:145:35:145:47:145:51:145:52":29,"b:145:55:145:60:145:64:145:66":30,"s:147:2:147:Infinity":61,"s:148:2:148:Infinity":62,"f:151:9:151:26":6,"s:158:6:158:13":63,"s:160:13:160:23":64,"b:161:2:165:Infinity:undefined:undefined:undefined:undefined":31,"s:161:2:165:Infinity":65,"s:162:16:162:66":66,"s:163:4:163:Infinity":67,"s:164:4:164:Infinity":68,"s:167:19:167:74":69,"b:168:2:170:Infinity:undefined:undefined:undefined:undefined":32,"s:168:2:170:Infinity":70,"s:169:4:169:Infinity":71,"s:188:6:188:13":72,"b:186:13:186:24":33,"b:190:2:194:Infinity:undefined:undefined:undefined:undefined":34,"s:190:2:194:Infinity":73,"b:190:6:190:12:190:16:190:30:190:34:190:47:190:51:190:66":35,"s:191:16:191:57":74,"s:192:4:192:Infinity":75,"s:193:4:193:Infinity":76,"s:196:2:196:Infinity":77,"s:198:19:198:80":78,"b:198:26:198:38:198:42:198:66":36,"s:199:2:199:Infinity":79,"s:201:14:201:54":80,"b:201:14:201:26:201:30:201:54":37,"s:202:14:202:55":81,"b:202:14:202:28:202:32:202:55":38,"s:203:21:203:62":82,"b:203:21:203:35:203:39:203:62":39,"s:204:18:204:54":83,"s:206:18:283:6":84,"f:206:33:206:34":7,"s:207:4:232:Infinity":85,"b:218:6:218:15:218:19:218:20":40,"b:220:6:220:17:220:21:220:26":41,"b:221:6:221:18:221:22:221:23":42,"b:222:6:222:18:222:22:222:24":43,"b:223:6:223:19:223:23:223:25":44,"b:224:6:224:18:224:22:224:24":45,"s:234:23:237:6":86,"s:238:22:238:24":87,"s:240:4:276:Infinity":88,"s:241:31:241:64":89,"s:242:26:242:84":90,"s:244:6:275:Infinity":91,"s:245:29:245:87":92,"b:245:66:245:81:245:85:245:86":46,"s:246:21:255:9":93,"b:254:20:254:33:254:37:254:39":47,"s:257:8:269:Infinity":94,"b:264:10:264:23:264:27:264:29":48,"b:268:10:268:36:268:40:268:Infinity":49,"s:271:8:272:Infinity":95,"s:274:8:274:Infinity":96,"s:278:17:278:71":97,"s:279:24:279:68":98,"s:280:4:280:Infinity":99,"s:282:4:282:Infinity":100,"s:285:2:297:Infinity":101,"s:299:2:299:Infinity":102,"f:302:9:302:24":8,"s:303:32:303:36":103,"b:304:2:308:Infinity:undefined:undefined:undefined:undefined":50,"s:304:2:308:Infinity":104,"b:304:6:304:32:304:36:304:59":51,"s:305:16:305:64":105,"s:306:4:306:Infinity":106,"s:307:4:307:Infinity":107,"s:310:2:310:Infinity":108,"s:312:18:312:20":109,"s:313:19:313:21":110,"s:314:16:314:45":111,"s:316:2:356:Infinity":112,"s:317:21:317:42":113,"b:317:21:317:33:317:37:317:42":52,"s:318:22:318:34":114,"s:319:20:319:49":115,"b:319:20:319:30:319:34:319:49":53,"s:321:4:355:Infinity":116,"s:322:21:322:80":117,"b:322:51:322:70:322:73:322:80":54,"b:324:6:347:Infinity:337:13:347:Infinity":55,"s:324:6:347:Infinity":118,"s:325:26:325:48":119,"b:325:26:325:39:325:43:325:48":56,"b:326:8:329:Infinity:undefined:undefined:undefined:undefined":57,"s:326:8:329:Infinity":120,"s:327:10:327:Infinity":121,"s:328:10:328:Infinity":122,"b:330:8:333:Infinity:undefined:undefined:undefined:undefined":58,"s:330:8:333:Infinity":123,"s:331:10:331:Infinity":124,"s:332:10:332:Infinity":125,"s:334:24:334:67":126,"s:335:8:335:Infinity":127,"b:337:13:347:Infinity:341:13:347:Infinity":59,"s:337:13:347:Infinity":128,"s:338:24:338:73":129,"s:339:8:339:Infinity":130,"b:341:13:347:Infinity:345:13:347:Infinity":60,"s:341:13:347:Infinity":131,"s:342:24:342:74":132,"s:343:8:343:Infinity":133,"s:346:8:346:Infinity":134,"s:349:6:354:Infinity":135,"b:352:15:352:26:352:30:352:51":61,"b:353:21:353:31:353:35:353:38":62,"s:358:17:358:68":136,"f:358:32:358:33":9,"s:358:39:358:60":137,"s:359:17:359:68":138,"f:359:32:359:33":10,"s:359:39:359:60":139,"s:361:2:368:Infinity":140,"s:371:0:371:Infinity":141}}}
,"/home/jose/Universidade/3Ano/2Sem/LI4/TP/LI4-TP-2526/FlashStore/server/tests/helpers.js": {"path":"/home/jose/Universidade/3Ano/2Sem/LI4/TP/LI4-TP-2526/FlashStore/server/tests/helpers.js","statementMap":{"0":{"start":{"line":4,"column":17},"end":{"line":4,"column":42}},"1":{"start":{"line":5,"column":15},"end":{"line":5,"column":34}},"2":{"start":{"line":6,"column":12},"end":{"line":6,"column":35}},"3":{"start":{"line":7,"column":15},"end":{"line":7,"column":32}},"4":{"start":{"line":9,"column":19},"end":{"line":9,"column":47}},"5":{"start":{"line":12,"column":2},"end":{"line":12,"column":null}},"6":{"start":{"line":16,"column":13},"end":{"line":16,"column":37}},"7":{"start":{"line":17,"column":2},"end":{"line":17,"column":null}},"8":{"start":{"line":18,"column":2},"end":{"line":18,"column":null}},"9":{"start":{"line":21,"column":2},"end":{"line":273,"column":null}},"10":{"start":{"line":276,"column":2},"end":{"line":276,"column":null}},"11":{"start":{"line":277,"column":2},"end":{"line":277,"column":null}},"12":{"start":{"line":279,"column":20},"end":{"line":279,"column":50}},"13":{"start":{"line":280,"column":22},"end":{"line":280,"column":52}},"14":{"start":{"line":281,"column":22},"end":{"line":281,"column":54}},"15":{"start":{"line":283,"column":2},"end":{"line":283,"column":null}},"16":{"start":{"line":284,"column":2},"end":{"line":284,"column":null}},"17":{"start":{"line":285,"column":2},"end":{"line":285,"column":null}},"18":{"start":{"line":287,"column":2},"end":{"line":287,"column":null}},"19":{"start":{"line":288,"column":2},"end":{"line":288,"column":null}},"20":{"start":{"line":289,"column":2},"end":{"line":289,"column":null}},"21":{"start":{"line":290,"column":2},"end":{"line":290,"column":null}},"22":{"start":{"line":292,"column":2},"end":{"line":292,"column":null}},"23":{"start":{"line":296,"column":2},"end":{"line":296,"column":null}},"24":{"start":{"line":299,"column":0},"end":{"line":299,"column":null}}},"fnMap":{"0":{"name":"genId","decl":{"start":{"line":11,"column":9},"end":{"line":11,"column":14}},"loc":{"start":{"line":11,"column":17},"end":{"line":13,"column":null}},"line":11},"1":{"name":"createTestDb","decl":{"start":{"line":15,"column":9},"end":{"line":15,"column":21}},"loc":{"start":{"line":15,"column":24},"end":{"line":293,"column":null}},"line":15},"2":{"name":"makeToken","decl":{"start":{"line":295,"column":9},"end":{"line":295,"column":18}},"loc":{"start":{"line":295,"column":25},"end":{"line":297,"column":null}},"line":295}},"branchMap":{},"s":{"0":2,"1":2,"2":2,"3":2,"4":2,"5":0,"6":2,"7":2,"8":2,"9":2,"10":2,"11":2,"12":2,"13":2,"14":2,"15":2,"16":2,"17":2,"18":2,"19":2,"20":2,"21":2,"22":2,"23":6,"24":2},"f":{"0":0,"1":2,"2":6},"b":{},"meta":{"lastBranch":0,"lastFunction":3,"lastStatement":25,"seen":{"s:4:17:4:42":0,"s:5:15:5:34":1,"s:6:12:6:35":2,"s:7:15:7:32":3,"s:9:19:9:47":4,"f:11:9:11:14":0,"s:12:2:12:Infinity":5,"f:15:9:15:21":1,"s:16:13:16:37":6,"s:17:2:17:Infinity":7,"s:18:2:18:Infinity":8,"s:21:2:273:Infinity":9,"s:276:2:276:Infinity":10,"s:277:2:277:Infinity":11,"s:279:20:279:50":12,"s:280:22:280:52":13,"s:281:22:281:54":14,"s:283:2:283:Infinity":15,"s:284:2:284:Infinity":16,"s:285:2:285:Infinity":17,"s:287:2:287:Infinity":18,"s:288:2:288:Infinity":19,"s:289:2:289:Infinity":20,"s:290:2:290:Infinity":21,"s:292:2:292:Infinity":22,"f:295:9:295:18":2,"s:296:2:296:Infinity":23,"s:299:0:299:Infinity":24}}}
}
